Log file open, 06/28/21 22:14:02
LogInit: Display: Running engine for game: FantaSynthh
LogPlatformFile: Not using cached read wrapper
LogTaskGraph: Started task graph with 5 named threads and 23 total threads with 3 sets of task threads.
LogStats: Stats thread started at 1.258904
LogD3D11RHI: Loaded GFSDK_Aftermath_Lib.x64.dll
LogICUInternationalization: ICU TimeZone Detection - Raw Offset: +1:00, Platform Override: ''
LogPluginManager: Mounting plugin Paper2D
LogPluginManager: Mounting plugin AISupport
LogPluginManager: Mounting plugin LightPropagationVolume
LogPluginManager: Mounting plugin CameraShakePreviewer
LogPluginManager: Mounting plugin ActorLayerUtilities
LogPluginManager: Mounting plugin AnimationSharing
LogPluginManager: Mounting plugin CLionSourceCodeAccess
LogPluginManager: Mounting plugin CodeLiteSourceCodeAccess
LogPluginManager: Mounting plugin GitSourceControl
LogPluginManager: Mounting plugin KDevelopSourceCodeAccess
LogPluginManager: Mounting plugin NullSourceCodeAccess
LogPluginManager: Mounting plugin PerforceSourceControl
LogPluginManager: Mounting plugin PlasticSourceControl
LogPluginManager: Mounting plugin RiderSourceCodeAccess
LogPluginManager: Mounting plugin SubversionSourceControl
LogPluginManager: Mounting plugin UObjectPlugin
LogPluginManager: Mounting plugin VisualStudioCodeSourceCodeAccess
LogPluginManager: Mounting plugin VisualStudioSourceCodeAccess
LogPluginManager: Mounting plugin XCodeSourceCodeAccess
LogPluginManager: Mounting plugin AssetManagerEditor
LogPluginManager: Mounting plugin CryptoKeys
LogPluginManager: Mounting plugin CurveEditorTools
LogPluginManager: Mounting plugin DataValidation
LogPluginManager: Mounting plugin EditorScriptingUtilities
LogPluginManager: Mounting plugin FacialAnimation
LogPluginManager: Mounting plugin GameplayTagsEditor
LogPluginManager: Mounting plugin GeometryMode
LogPluginManager: Mounting plugin MacGraphicsSwitching
LogPluginManager: Mounting plugin MaterialAnalyzer
LogPluginManager: Mounting plugin MobileLauncherProfileWizard
LogPluginManager: Mounting plugin PluginBrowser
LogPluginManager: Mounting plugin SpeedTreeImporter
LogPluginManager: Mounting plugin DatasmithContent
LogPluginManager: Mounting plugin VariantManagerContent
LogPluginManager: Mounting plugin AlembicImporter
LogPluginManager: Mounting plugin AutomationUtils
LogPluginManager: Mounting plugin BackChannel
LogPluginManager: Mounting plugin ChaosCloth
LogPluginManager: Mounting plugin ChaosClothEditor
LogPluginManager: Mounting plugin ChaosEditor
LogPluginManager: Mounting plugin ChaosNiagara
LogPluginManager: Mounting plugin ChaosSolverPlugin
LogPluginManager: Mounting plugin CharacterAI
LogPluginManager: Mounting plugin GeometryCache
LogPluginManager: Mounting plugin GeometryCollectionPlugin
LogPluginManager: Mounting plugin GeometryProcessing
LogPluginManager: Mounting plugin PlanarCut
LogPluginManager: Mounting plugin PlatformCrypto
LogPluginManager: Mounting plugin ProxyLODPlugin
LogPluginManager: Mounting plugin SkeletalReduction
LogPluginManager: Mounting plugin Niagara
LogPluginManager: Mounting plugin MagicLeap
LogPluginManager: Mounting plugin MagicLeapLightEstimation
LogPluginManager: Mounting plugin MagicLeapMedia
LogPluginManager: Mounting plugin MagicLeapPassableWorld
LogPluginManager: Mounting plugin MLSDK
LogPluginManager: Mounting plugin AndroidMedia
LogPluginManager: Mounting plugin AvfMedia
LogPluginManager: Mounting plugin ImgMedia
LogPluginManager: Mounting plugin MediaCompositing
LogPluginManager: Mounting plugin MediaPlayerEditor
LogPluginManager: Mounting plugin WebMMedia
LogPluginManager: Mounting plugin WmfMedia
LogPluginManager: Mounting plugin MeshPainting
LogPluginManager: Mounting plugin TcpMessaging
LogPluginManager: Mounting plugin UdpMessaging
LogPluginManager: Mounting plugin ActorSequence
LogPluginManager: Mounting plugin LevelSequenceEditor
LogPluginManager: Mounting plugin MatineeToLevelSequence
LogPluginManager: Mounting plugin MovieRenderPipeline
LogPluginManager: Mounting plugin TemplateSequence
LogPluginManager: Mounting plugin NetcodeUnitTest
LogPluginManager: Mounting plugin NUTUnrealEngine4
LogPluginManager: Mounting plugin OnlineSubsystemGooglePlay
LogPluginManager: Mounting plugin OnlineSubsystemIOS
LogPluginManager: Mounting plugin OnlineSubsystem
LogPluginManager: Mounting plugin OnlineSubsystemNull
LogPluginManager: Mounting plugin OnlineSubsystemUtils
LogPluginManager: Mounting plugin LauncherChunkInstaller
LogPluginManager: Mounting plugin AndroidDeviceProfileSelector
LogPluginManager: Mounting plugin AndroidMoviePlayer
LogPluginManager: Mounting plugin AndroidPermission
LogPluginManager: Mounting plugin AppleImageUtils
LogPluginManager: Mounting plugin AppleMoviePlayer
LogPluginManager: Mounting plugin ArchVisCharacter
LogPluginManager: Mounting plugin AssetTags
LogPluginManager: Mounting plugin AudioCapture
LogPluginManager: Mounting plugin CableComponent
LogPluginManager: Mounting plugin CustomMeshComponent
LogPluginManager: Mounting plugin EditableMesh
LogPluginManager: Mounting plugin ExampleDeviceProfileSelector
LogPluginManager: Mounting plugin GoogleCloudMessaging
LogPluginManager: Mounting plugin GooglePAD
LogPluginManager: Mounting plugin IOSDeviceProfileSelector
LogPluginManager: Mounting plugin LinuxDeviceProfileSelector
LogPluginManager: Mounting plugin LocationServicesBPLibrary
LogPluginManager: Mounting plugin MobilePatchingUtils
LogPluginManager: Mounting plugin OculusVR
LogPluginManager: Mounting plugin PhysXVehicles
LogPluginManager: Mounting plugin PostSplashScreen
LogPluginManager: Mounting plugin ProceduralMeshComponent
LogPluginManager: Mounting plugin RuntimePhysXCooking
LogPluginManager: Mounting plugin SignificanceManager
LogPluginManager: Mounting plugin SoundFields
LogPluginManager: Mounting plugin SteamVR
LogPluginManager: Mounting plugin Synthesis
LogPluginManager: Mounting plugin WebMMoviePlayer
LogPluginManager: Mounting plugin WindowsMoviePlayer
LogPluginManager: Mounting plugin ScreenshotTools
LogInit: Using libcurl 7.55.1-DEV
LogInit:  - built for x86_64-pc-win32
LogInit:  - supports SSL with OpenSSL/1.1.1
LogInit:  - supports HTTP deflate (compression) using libz 1.2.8
LogInit:  - other features:
LogInit:      CURL_VERSION_SSL
LogInit:      CURL_VERSION_LIBZ
LogInit:      CURL_VERSION_IPV6
LogInit:      CURL_VERSION_ASYNCHDNS
LogInit:      CURL_VERSION_LARGEFILE
LogInit:      CURL_VERSION_IDN
LogInit:  CurlRequestOptions (configurable via config and command line):
LogInit:  - bVerifyPeer = true  - Libcurl will verify peer certificate
LogInit:  - bUseHttpProxy = false  - Libcurl will NOT use HTTP proxy
LogInit:  - bDontReuseConnections = false  - Libcurl will reuse connections
LogInit:  - MaxHostConnections = 16  - Libcurl will limit the number of connections to a host
LogInit:  - LocalHostAddr = Default
LogInit:  - BufferSize = 65536
LogOnline: OSS: Creating online subsystem instance for: NULL
LogInit: WinSock: version 1.1 (2.2), MaxSocks=32767, MaxUdp=65467
LogOnline: OSS: TryLoadSubsystemAndSetDefault: Loaded subsystem for module [NULL]
LogOculusPluginWrapper: OculusPlugin initialized successfully
LogHMD: Failed initializing OVRPlugin 1.44.0
LogInit: Build: ++UE4+Release-4.25-CL-14469661
LogInit: Engine Version: 4.25.4-14469661+++UE4+Release-4.25
LogInit: Compatible Engine Version: 4.25.0-13144385+++UE4+Release-4.25
LogInit: Net CL: 13144385
LogInit: OS: Windows 10 (Release 2004) (), CPU: Intel(R) Core(TM) i5-8300H CPU @ 2.30GHz, GPU: Intel(R) UHD Graphics 630
LogInit: Compiled (64-bit): Oct 11 2020 08:10:49
LogInit: Compiled with Visual C++: 19.24.28315.00
LogInit: Build Configuration: Development
LogInit: Branch Name: ++UE4+Release-4.25
LogInit: Command Line: 
LogInit: Base Directory: C:/Program Files/Epic Games/UE_4.25/Engine/Binaries/Win64/
LogInit: Allocator: TBB
LogInit: Installed Engine Build: 1
LogDevObjectVersion: Number of dev versions registered: 26
LogDevObjectVersion:   Dev-Blueprints (B0D832E4-1F89-4F0D-ACCF-7EB736FD4AA2): 10
LogDevObjectVersion:   Dev-Build (E1C64328-A22C-4D53-A36C-8E866417BD8C): 0
LogDevObjectVersion:   Dev-Core (375EC13C-06E4-48FB-B500-84F0262A717E): 4
LogDevObjectVersion:   Dev-Editor (E4B068ED-F494-42E9-A231-DA0B2E46BB41): 38
LogDevObjectVersion:   Dev-Framework (CFFC743F-43B0-4480-9391-14DF171D2073): 37
LogDevObjectVersion:   Dev-Mobile (B02B49B5-BB20-44E9-A304-32B752E40360): 2
LogDevObjectVersion:   Dev-Networking (A4E4105C-59A1-49B5-A7C5-40C4547EDFEE): 0
LogDevObjectVersion:   Dev-Online (39C831C9-5AE6-47DC-9A44-9C173E1C8E7C): 0
LogDevObjectVersion:   Dev-Physics (78F01B33-EBEA-4F98-B9B4-84EACCB95AA2): 4
LogDevObjectVersion:   Dev-Platform (6631380F-2D4D-43E0-8009-CF276956A95A): 0
LogDevObjectVersion:   Dev-Rendering (12F88B9F-8875-4AFC-A67C-D90C383ABD29): 43
LogDevObjectVersion:   Dev-Sequencer (7B5AE74C-D270-4C10-A958-57980B212A5A): 12
LogDevObjectVersion:   Dev-VR (D7296918-1DD6-4BDD-9DE2-64A83CC13884): 3
LogDevObjectVersion:   Dev-LoadTimes (C2A15278-BFE7-4AFE-6C17-90FF531DF755): 1
LogDevObjectVersion:   Private-Geometry (6EACA3D4-40EC-4CC1-B786-8BED09428FC5): 3
LogDevObjectVersion:   Dev-AnimPhys (29E575DD-E0A3-4627-9D10-D276232CDCEA): 17
LogDevObjectVersion:   Dev-Anim (AF43A65D-7FD3-4947-9873-3E8ED9C1BB05): 7
LogDevObjectVersion:   Dev-ReflectionCapture (6B266CEC-1EC7-4B8F-A30B-E4D90942FC07): 1
LogDevObjectVersion:   Dev-Automation (0DF73D61-A23F-47EA-B727-89E90C41499A): 1
LogDevObjectVersion:   FortniteMain (601D1886-AC64-4F84-AA16-D3DE0DEAC7D6): 31
LogDevObjectVersion:   Dev-Enterprise (9DFFBCD6-494F-0158-E221-12823C92A888): 10
LogDevObjectVersion:   Dev-Niagara (F2AED0AC-9AFE-416F-8664-AA7FFA26D6FC): 1
LogDevObjectVersion:   Dev-Destruction (174F1F0B-B4C6-45A5-B13F-2EE8D0FB917D): 10
LogDevObjectVersion:   Dev-Physics-Ext (35F94A83-E258-406C-A318-09F59610247C): 37
LogDevObjectVersion:   Dev-PhysicsMaterial-Chaos (B68FC16E-8B1B-42E2-B453-215C058844FE): 1
LogDevObjectVersion:   Dev-CineCamera (B2E18506-4273-CFC2-A54E-F4BB758BBA07): 1
LogInit: Presizing for max 25165824 objects, including 0 objects not considered by GC, pre-allocating 0 bytes for permanent pool.
LogConfig: Applying CVar settings from Section [/Script/Engine.StreamingSettings] File [D:/FantaSynth_V2/Project/Saved/Config/Windows/Engine.ini]
LogConfig: Setting CVar [[s.MinBulkDataSizeForAsyncLoading:131072]]
LogConfig: Setting CVar [[s.AsyncLoadingThreadEnabled:0]]
LogConfig: Setting CVar [[s.EventDrivenLoaderEnabled:1]]
LogConfig: Setting CVar [[s.WarnIfTimeLimitExceeded:0]]
LogConfig: Setting CVar [[s.TimeLimitExceededMultiplier:1.5]]
LogConfig: Setting CVar [[s.TimeLimitExceededMinTime:0.005]]
LogConfig: Setting CVar [[s.UseBackgroundLevelStreaming:1]]
LogConfig: Setting CVar [[s.PriorityAsyncLoadingExtraTime:15.0]]
LogConfig: Setting CVar [[s.LevelStreamingActorsUpdateTimeLimit:5.0]]
LogConfig: Setting CVar [[s.PriorityLevelStreamingActorsUpdateExtraTime:5.0]]
LogConfig: Setting CVar [[s.LevelStreamingComponentsRegistrationGranularity:10]]
LogConfig: Setting CVar [[s.UnregisterComponentsTimeLimit:1.0]]
LogConfig: Setting CVar [[s.LevelStreamingComponentsUnregistrationGranularity:5]]
LogConfig: Setting CVar [[s.FlushStreamingOnExit:1]]
LogInit: Object subsystem initialized
LogConfig: Setting CVar [[con.DebugEarlyDefault:1]]
LogConfig: Setting CVar [[r.setres:1280x720]]
[2021.06.28-20.14.03:670][  0]LogConfig: Setting CVar [[r.VSync:0]]
[2021.06.28-20.14.03:670][  0]LogConfig: Setting CVar [[r.RHICmdBypass:0]]
[2021.06.28-20.14.03:671][  0]LogConfig: Applying CVar settings from Section [/Script/Engine.RendererSettings] File [D:/FantaSynth_V2/Project/Saved/Config/Windows/Engine.ini]
[2021.06.28-20.14.03:671][  0]LogConfig: Setting CVar [[r.GPUCrashDebugging:0]]
[2021.06.28-20.14.03:671][  0]LogConfig: Setting CVar [[r.Mobile.DisableVertexFog:1]]
[2021.06.28-20.14.03:671][  0]LogConfig: Setting CVar [[r.Shadow.CSM.MaxMobileCascades:2]]
[2021.06.28-20.14.03:671][  0]LogConfig: Setting CVar [[r.MobileMSAA:1]]
[2021.06.28-20.14.03:671][  0]LogConfig: Setting CVar [[r.Mobile.UseLegacyShadingModel:0]]
[2021.06.28-20.14.03:671][  0]LogConfig: Setting CVar [[r.Mobile.AllowDitheredLODTransition:0]]
[2021.06.28-20.14.03:671][  0]LogConfig: Setting CVar [[r.Mobile.AllowSoftwareOcclusion:0]]
[2021.06.28-20.14.03:671][  0]LogConfig: Setting CVar [[r.Mobile.VirtualTextures:0]]
[2021.06.28-20.14.03:671][  0]LogConfig: Setting CVar [[r.DiscardUnusedQuality:0]]
[2021.06.28-20.14.03:671][  0]LogConfig: Setting CVar [[r.AllowOcclusionQueries:1]]
[2021.06.28-20.14.03:671][  0]LogConfig: Setting CVar [[r.MinScreenRadiusForLights:0.030000]]
[2021.06.28-20.14.03:671][  0]LogConfig: Setting CVar [[r.MinScreenRadiusForDepthPrepass:0.030000]]
[2021.06.28-20.14.03:671][  0]LogConfig: Setting CVar [[r.MinScreenRadiusForCSMDepth:0.010000]]
[2021.06.28-20.14.03:672][  0]LogConfig: Setting CVar [[r.PrecomputedVisibilityWarning:0]]
[2021.06.28-20.14.03:672][  0]LogConfig: Setting CVar [[r.TextureStreaming:1]]
[2021.06.28-20.14.03:672][  0]LogConfig: Setting CVar [[Compat.UseDXT5NormalMaps:0]]
[2021.06.28-20.14.03:672][  0]LogConfig: Setting CVar [[r.VirtualTextures:0]]
[2021.06.28-20.14.03:672][  0]LogConfig: Setting CVar [[r.VirtualTexturedLightmaps:0]]
[2021.06.28-20.14.03:672][  0]LogConfig: Setting CVar [[r.VT.TileSize:128]]
[2021.06.28-20.14.03:672][  0]LogConfig: Setting CVar [[r.VT.TileBorderSize:4]]
[2021.06.28-20.14.03:672][  0]LogConfig: Setting CVar [[r.vt.FeedbackFactor:16]]
[2021.06.28-20.14.03:672][  0]LogConfig: Setting CVar [[r.VT.EnableCompressZlib:1]]
[2021.06.28-20.14.03:672][  0]LogConfig: Setting CVar [[r.VT.EnableCompressCrunch:0]]
[2021.06.28-20.14.03:672][  0]LogConfig: Setting CVar [[r.ClearCoatNormal:0]]
[2021.06.28-20.14.03:672][  0]LogConfig: Setting CVar [[r.AnisotropicBRDF:0]]
[2021.06.28-20.14.03:672][  0]LogConfig: Setting CVar [[r.ReflectionCaptureResolution:128]]
[2021.06.28-20.14.03:672][  0]LogConfig: Setting CVar [[r.ReflectionEnvironmentLightmapMixBasedOnRoughness:1]]
[2021.06.28-20.14.03:672][  0]LogConfig: Setting CVar [[r.ForwardShading:0]]
[2021.06.28-20.14.03:672][  0]LogConfig: Setting CVar [[r.VertexFoggingForOpaque:1]]
[2021.06.28-20.14.03:672][  0]LogConfig: Setting CVar [[r.AllowStaticLighting:1]]
[2021.06.28-20.14.03:672][  0]LogConfig: Setting CVar [[r.NormalMapsForStaticLighting:0]]
[2021.06.28-20.14.03:672][  0]LogConfig: Setting CVar [[r.GenerateMeshDistanceFields:0]]
[2021.06.28-20.14.03:672][  0]LogConfig: Setting CVar [[r.DistanceFieldBuild.EightBit:0]]
[2021.06.28-20.14.03:672][  0]LogConfig: Setting CVar [[r.GenerateLandscapeGIData:0]]
[2021.06.28-20.14.03:672][  0]LogConfig: Setting CVar [[r.DistanceFieldBuild.Compress:0]]
[2021.06.28-20.14.03:672][  0]LogConfig: Setting CVar [[r.TessellationAdaptivePixelsPerTriangle:48.000000]]
[2021.06.28-20.14.03:672][  0]LogConfig: Setting CVar [[r.SeparateTranslucency:1]]
[2021.06.28-20.14.03:672][  0]LogConfig: Setting CVar [[r.TranslucentSortPolicy:0]]
[2021.06.28-20.14.03:672][  0]LogConfig: Setting CVar [[r.CustomDepth:1]]
[2021.06.28-20.14.03:672][  0]LogConfig: Setting CVar [[r.CustomDepthTemporalAAJitter:1]]
[2021.06.28-20.14.03:672][  0]LogConfig: Setting CVar [[r.PostProcessing.PropagateAlpha:0]]
[2021.06.28-20.14.03:672][  0]LogConfig: Setting CVar [[r.DefaultFeature.Bloom:1]]
[2021.06.28-20.14.03:672][  0]LogConfig: Setting CVar [[r.DefaultFeature.AmbientOcclusion:1]]
[2021.06.28-20.14.03:672][  0]LogConfig: Setting CVar [[r.DefaultFeature.AmbientOcclusionStaticFraction:1]]
[2021.06.28-20.14.03:672][  0]LogConfig: Setting CVar [[r.DefaultFeature.AutoExposure:0]]
[2021.06.28-20.14.03:672][  0]LogConfig: Setting CVar [[r.DefaultFeature.AutoExposure.Method:0]]
[2021.06.28-20.14.03:672][  0]LogConfig: Setting CVar [[r.DefaultFeature.AutoExposure.Bias:1.000000]]
[2021.06.28-20.14.03:672][  0]LogConfig: Setting CVar [[r.DefaultFeature.AutoExposure.ExtendDefaultLuminanceRange:0]]
[2021.06.28-20.14.03:672][  0]LogConfig: Setting CVar [[r.UsePreExposure:1]]
[2021.06.28-20.14.03:672][  0]LogConfig: Setting CVar [[r.EyeAdaptation.EditorOnly:0]]
[2021.06.28-20.14.03:672][  0]LogConfig: Setting CVar [[r.DefaultFeature.MotionBlur:0]]
[2021.06.28-20.14.03:672][  0]LogConfig: Setting CVar [[r.DefaultFeature.LensFlare:0]]
[2021.06.28-20.14.03:672][  0]LogConfig: Setting CVar [[r.TemporalAA.Upsampling:0]]
[2021.06.28-20.14.03:672][  0]LogConfig: Setting CVar [[r.SSGI.Enable:0]]
[2021.06.28-20.14.03:672][  0]LogConfig: Setting CVar [[r.DefaultFeature.AntiAliasing:0]]
[2021.06.28-20.14.03:672][  0]LogConfig: Setting CVar [[r.DefaultFeature.LightUnits:1]]
[2021.06.28-20.14.03:672][  0]LogConfig: Setting CVar [[r.DefaultBackBufferPixelFormat:4]]
[2021.06.28-20.14.03:672][  0]LogConfig: Setting CVar [[r.Shadow.UnbuiltPreviewInGame:1]]
[2021.06.28-20.14.03:672][  0]LogConfig: Setting CVar [[r.StencilForLODDither:0]]
[2021.06.28-20.14.03:672][  0]LogConfig: Setting CVar [[r.EarlyZPass:3]]
[2021.06.28-20.14.03:673][  0]LogConfig: Setting CVar [[r.EarlyZPassOnlyMaterialMasking:0]]
[2021.06.28-20.14.03:673][  0]LogConfig: Setting CVar [[r.DBuffer:1]]
[2021.06.28-20.14.03:673][  0]LogConfig: Setting CVar [[r.ClearSceneMethod:1]]
[2021.06.28-20.14.03:673][  0]LogConfig: Setting CVar [[r.BasePassOutputsVelocity:0]]
[2021.06.28-20.14.03:673][  0]LogConfig: Setting CVar [[r.VertexDeformationOutputsVelocity:0]]
[2021.06.28-20.14.03:673][  0]LogConfig: Setting CVar [[r.SelectiveBasePassOutputs:0]]
[2021.06.28-20.14.03:673][  0]LogConfig: Setting CVar [[fx.GPUSimulationTextureSizeX:1024]]
[2021.06.28-20.14.03:673][  0]LogConfig: Setting CVar [[fx.GPUSimulationTextureSizeY:1024]]
[2021.06.28-20.14.03:673][  0]LogConfig: Setting CVar [[r.AllowGlobalClipPlane:0]]
[2021.06.28-20.14.03:673][  0]LogConfig: Setting CVar [[r.GBufferFormat:1]]
[2021.06.28-20.14.03:674][  0]LogConfig: Setting CVar [[r.MorphTarget.Mode:1]]
[2021.06.28-20.14.03:674][  0]LogConfig: Setting CVar [[vr.InstancedStereo:0]]
[2021.06.28-20.14.03:674][  0]LogConfig: Setting CVar [[r.MobileHDR:1]]
[2021.06.28-20.14.03:674][  0]LogConfig: Setting CVar [[vr.MobileMultiView:0]]
[2021.06.28-20.14.03:674][  0]LogConfig: Setting CVar [[r.Mobile.UseHWsRGBEncoding:0]]
[2021.06.28-20.14.03:674][  0]LogConfig: Setting CVar [[vr.RoundRobinOcclusion:0]]
[2021.06.28-20.14.03:674][  0]LogConfig: Setting CVar [[vr.ODSCapture:0]]
[2021.06.28-20.14.03:674][  0]LogConfig: Setting CVar [[r.MeshStreaming:0]]
[2021.06.28-20.14.03:674][  0]LogConfig: Setting CVar [[r.WireframeCullThreshold:5.000000]]
[2021.06.28-20.14.03:674][  0]LogConfig: Setting CVar [[r.RayTracing:0]]
[2021.06.28-20.14.03:674][  0]LogConfig: Setting CVar [[r.RayTracing.UseTextureLod:0]]
[2021.06.28-20.14.03:674][  0]LogConfig: Setting CVar [[r.SupportStationarySkylight:1]]
[2021.06.28-20.14.03:674][  0]LogConfig: Setting CVar [[r.SupportLowQualityLightmaps:1]]
[2021.06.28-20.14.03:674][  0]LogConfig: Setting CVar [[r.SupportPointLightWholeSceneShadows:1]]
[2021.06.28-20.14.03:674][  0]LogConfig: Setting CVar [[r.SupportAtmosphericFog:1]]
[2021.06.28-20.14.03:674][  0]LogConfig: Setting CVar [[r.SupportSkyAtmosphere:1]]
[2021.06.28-20.14.03:674][  0]LogConfig: Setting CVar [[r.SupportSkyAtmosphereAffectsHeightFog:0]]
[2021.06.28-20.14.03:674][  0]LogConfig: Setting CVar [[r.SkinCache.CompileShaders:0]]
[2021.06.28-20.14.03:674][  0]LogConfig: Setting CVar [[r.SkinCache.DefaultBehavior:1]]
[2021.06.28-20.14.03:674][  0]LogConfig: Setting CVar [[r.SkinCache.SceneMemoryLimitInMB:128.000000]]
[2021.06.28-20.14.03:674][  0]LogConfig: Setting CVar [[r.Mobile.EnableStaticAndCSMShadowReceivers:1]]
[2021.06.28-20.14.03:674][  0]LogConfig: Setting CVar [[r.Mobile.EnableMovableLightCSMShaderCulling:1]]
[2021.06.28-20.14.03:674][  0]LogConfig: Setting CVar [[r.Mobile.AllowDistanceFieldShadows:1]]
[2021.06.28-20.14.03:674][  0]LogConfig: Setting CVar [[r.Mobile.AllowMovableDirectionalLights:1]]
[2021.06.28-20.14.03:674][  0]LogConfig: Setting CVar [[r.MobileNumDynamicPointLights:4]]
[2021.06.28-20.14.03:674][  0]LogConfig: Setting CVar [[r.MobileDynamicPointLightsUseStaticBranch:1]]
[2021.06.28-20.14.03:674][  0]LogConfig: Setting CVar [[r.Mobile.EnableMovableSpotlights:0]]
[2021.06.28-20.14.03:674][  0]LogConfig: Setting CVar [[r.GPUSkin.Support16BitBoneIndex:0]]
[2021.06.28-20.14.03:674][  0]LogConfig: Setting CVar [[r.GPUSkin.Limit2BoneInfluences:0]]
[2021.06.28-20.14.03:674][  0]LogConfig: Setting CVar [[r.SupportDepthOnlyIndexBuffers:1]]
[2021.06.28-20.14.03:674][  0]LogConfig: Setting CVar [[r.SupportReversedIndexBuffers:1]]
[2021.06.28-20.14.03:674][  0]LogConfig: Setting CVar [[r.SupportMaterialLayers:0]]
[2021.06.28-20.14.03:674][  0]LogConfig: Setting CVar [[r.LightPropagationVolume:0]]
[2021.06.28-20.14.03:674][  0]LogConfig: Applying CVar settings from Section [/Script/Engine.RendererOverrideSettings] File [D:/FantaSynth_V2/Project/Saved/Config/Windows/Engine.ini]
[2021.06.28-20.14.03:674][  0]LogConfig: Applying CVar settings from Section [/Script/Engine.StreamingSettings] File [D:/FantaSynth_V2/Project/Saved/Config/Windows/Engine.ini]
[2021.06.28-20.14.03:674][  0]LogConfig: Setting CVar [[s.MinBulkDataSizeForAsyncLoading:131072]]
[2021.06.28-20.14.03:674][  0]LogConfig: Setting CVar [[s.AsyncLoadingThreadEnabled:0]]
[2021.06.28-20.14.03:674][  0]LogConfig: Setting CVar [[s.EventDrivenLoaderEnabled:1]]
[2021.06.28-20.14.03:674][  0]LogConfig: Setting CVar [[s.WarnIfTimeLimitExceeded:0]]
[2021.06.28-20.14.03:674][  0]LogConfig: Setting CVar [[s.TimeLimitExceededMultiplier:1.5]]
[2021.06.28-20.14.03:674][  0]LogConfig: Setting CVar [[s.TimeLimitExceededMinTime:0.005]]
[2021.06.28-20.14.03:674][  0]LogConfig: Setting CVar [[s.UseBackgroundLevelStreaming:1]]
[2021.06.28-20.14.03:674][  0]LogConfig: Setting CVar [[s.PriorityAsyncLoadingExtraTime:15.0]]
[2021.06.28-20.14.03:674][  0]LogConfig: Setting CVar [[s.LevelStreamingActorsUpdateTimeLimit:5.0]]
[2021.06.28-20.14.03:674][  0]LogConfig: Setting CVar [[s.PriorityLevelStreamingActorsUpdateExtraTime:5.0]]
[2021.06.28-20.14.03:674][  0]LogConfig: Setting CVar [[s.LevelStreamingComponentsRegistrationGranularity:10]]
[2021.06.28-20.14.03:674][  0]LogConfig: Setting CVar [[s.UnregisterComponentsTimeLimit:1.0]]
[2021.06.28-20.14.03:674][  0]LogConfig: Setting CVar [[s.LevelStreamingComponentsUnregistrationGranularity:5]]
[2021.06.28-20.14.03:674][  0]LogConfig: Setting CVar [[s.FlushStreamingOnExit:1]]
[2021.06.28-20.14.03:674][  0]LogConfig: Applying CVar settings from Section [/Script/Engine.GarbageCollectionSettings] File [D:/FantaSynth_V2/Project/Saved/Config/Windows/Engine.ini]
[2021.06.28-20.14.03:674][  0]LogConfig: Setting CVar [[gc.MaxObjectsNotConsideredByGC:1]]
[2021.06.28-20.14.03:674][  0]LogConfig: Setting CVar [[gc.SizeOfPermanentObjectPool:0]]
[2021.06.28-20.14.03:675][  0]LogConfig: Setting CVar [[gc.FlushStreamingOnGC:0]]
[2021.06.28-20.14.03:675][  0]LogConfig: Setting CVar [[gc.NumRetriesBeforeForcingGC:10]]
[2021.06.28-20.14.03:675][  0]LogConfig: Setting CVar [[gc.AllowParallelGC:1]]
[2021.06.28-20.14.03:675][  0]LogConfig: Setting CVar [[gc.TimeBetweenPurgingPendingKillObjects:61.1]]
[2021.06.28-20.14.03:675][  0]LogConfig: Setting CVar [[gc.MaxObjectsInEditor:25165824]]
[2021.06.28-20.14.03:675][  0]LogConfig: Setting CVar [[gc.IncrementalBeginDestroyEnabled:1]]
[2021.06.28-20.14.03:675][  0]LogConfig: Setting CVar [[gc.CreateGCClusters:1]]
[2021.06.28-20.14.03:675][  0]LogConfig: Setting CVar [[gc.MinGCClusterSize:5]]
[2021.06.28-20.14.03:675][  0]LogConfig: Setting CVar [[gc.ActorClusteringEnabled:0]]
[2021.06.28-20.14.03:675][  0]LogConfig: Setting CVar [[gc.BlueprintClusteringEnabled:0]]
[2021.06.28-20.14.03:675][  0]LogConfig: Setting CVar [[gc.UseDisregardForGCOnDedicatedServers:0]]
[2021.06.28-20.14.03:675][  0]LogConfig: Applying CVar settings from Section [/Script/Engine.NetworkSettings] File [D:/FantaSynth_V2/Project/Saved/Config/Windows/Engine.ini]
[2021.06.28-20.14.03:675][  0]LogConfig: Applying CVar settings from Section [/Script/UnrealEd.CookerSettings] File [D:/FantaSynth_V2/Project/Saved/Config/Windows/Engine.ini]
[2021.06.28-20.14.03:681][  0]LogConfig: Applying CVar settings from Section [ViewDistanceQuality@3] File [D:/FantaSynth_V2/Project/Saved/Config/Windows/Scalability.ini]
[2021.06.28-20.14.03:681][  0]LogConfig: Setting CVar [[r.SkeletalMeshLODBias:0]]
[2021.06.28-20.14.03:681][  0]LogConfig: Setting CVar [[r.ViewDistanceScale:1.0]]
[2021.06.28-20.14.03:681][  0]LogConfig: Applying CVar settings from Section [AntiAliasingQuality@3] File [D:/FantaSynth_V2/Project/Saved/Config/Windows/Scalability.ini]
[2021.06.28-20.14.03:681][  0]LogConfig: Setting CVar [[r.PostProcessAAQuality:4]]
[2021.06.28-20.14.03:681][  0]LogConfig: Applying CVar settings from Section [ShadowQuality@3] File [D:/FantaSynth_V2/Project/Saved/Config/Windows/Scalability.ini]
[2021.06.28-20.14.03:681][  0]LogConfig: Setting CVar [[r.LightFunctionQuality:1]]
[2021.06.28-20.14.03:681][  0]LogConfig: Setting CVar [[r.ShadowQuality:5]]
[2021.06.28-20.14.03:681][  0]LogConfig: Setting CVar [[r.Shadow.CSM.MaxCascades:10]]
[2021.06.28-20.14.03:681][  0]LogConfig: Setting CVar [[r.Shadow.MaxResolution:2048]]
[2021.06.28-20.14.03:681][  0]LogConfig: Setting CVar [[r.Shadow.MaxCSMResolution:2048]]
[2021.06.28-20.14.03:681][  0]LogConfig: Setting CVar [[r.Shadow.RadiusThreshold:0.01]]
[2021.06.28-20.14.03:681][  0]LogConfig: Setting CVar [[r.Shadow.DistanceScale:1.0]]
[2021.06.28-20.14.03:681][  0]LogConfig: Setting CVar [[r.Shadow.CSM.TransitionScale:1.0]]
[2021.06.28-20.14.03:681][  0]LogConfig: Setting CVar [[r.Shadow.PreShadowResolutionFactor:1.0]]
[2021.06.28-20.14.03:681][  0]LogConfig: Setting CVar [[r.DistanceFieldShadowing:1]]
[2021.06.28-20.14.03:681][  0]LogConfig: Setting CVar [[r.DistanceFieldAO:1]]
[2021.06.28-20.14.03:681][  0]LogConfig: Setting CVar [[r.AOQuality:2]]
[2021.06.28-20.14.03:681][  0]LogConfig: Setting CVar [[r.VolumetricFog:1]]
[2021.06.28-20.14.03:681][  0]LogConfig: Setting CVar [[r.VolumetricFog.GridPixelSize:8]]
[2021.06.28-20.14.03:681][  0]LogConfig: Setting CVar [[r.VolumetricFog.GridSizeZ:128]]
[2021.06.28-20.14.03:681][  0]LogConfig: Setting CVar [[r.VolumetricFog.HistoryMissSupersampleCount:4]]
[2021.06.28-20.14.03:681][  0]LogConfig: Setting CVar [[r.LightMaxDrawDistanceScale:1]]
[2021.06.28-20.14.03:681][  0]LogConfig: Setting CVar [[r.CapsuleShadows:1]]
[2021.06.28-20.14.03:681][  0]LogConfig: Applying CVar settings from Section [PostProcessQuality@3] File [D:/FantaSynth_V2/Project/Saved/Config/Windows/Scalability.ini]
[2021.06.28-20.14.03:681][  0]LogConfig: Setting CVar [[r.MotionBlurQuality:4]]
[2021.06.28-20.14.03:681][  0]LogConfig: Setting CVar [[r.AmbientOcclusionMipLevelFactor:0.4]]
[2021.06.28-20.14.03:681][  0]LogConfig: Setting CVar [[r.AmbientOcclusionMaxQuality:100]]
[2021.06.28-20.14.03:681][  0]LogConfig: Setting CVar [[r.AmbientOcclusionLevels:-1]]
[2021.06.28-20.14.03:681][  0]LogConfig: Setting CVar [[r.AmbientOcclusionRadiusScale:1.0]]
[2021.06.28-20.14.03:681][  0]LogConfig: Setting CVar [[r.DepthOfFieldQuality:2]]
[2021.06.28-20.14.03:681][  0]LogConfig: Setting CVar [[r.RenderTargetPoolMin:400]]
[2021.06.28-20.14.03:681][  0]LogConfig: Setting CVar [[r.LensFlareQuality:2]]
[2021.06.28-20.14.03:681][  0]LogConfig: Setting CVar [[r.SceneColorFringeQuality:1]]
[2021.06.28-20.14.03:681][  0]LogConfig: Setting CVar [[r.EyeAdaptationQuality:2]]
[2021.06.28-20.14.03:681][  0]LogConfig: Setting CVar [[r.BloomQuality:5]]
[2021.06.28-20.14.03:681][  0]LogConfig: Setting CVar [[r.FastBlurThreshold:100]]
[2021.06.28-20.14.03:681][  0]LogConfig: Setting CVar [[r.Upscale.Quality:3]]
[2021.06.28-20.14.03:681][  0]LogConfig: Setting CVar [[r.Tonemapper.GrainQuantization:1]]
[2021.06.28-20.14.03:681][  0]LogConfig: Setting CVar [[r.LightShaftQuality:1]]
[2021.06.28-20.14.03:681][  0]LogConfig: Setting CVar [[r.Filter.SizeScale:1]]
[2021.06.28-20.14.03:681][  0]LogConfig: Setting CVar [[r.Tonemapper.Quality:5]]
[2021.06.28-20.14.03:681][  0]LogConfig: Setting CVar [[r.DOF.Gather.AccumulatorQuality:1        ; higher gathering accumulator quality]]
[2021.06.28-20.14.03:681][  0]LogConfig: Setting CVar [[r.DOF.Gather.PostfilterMethod:1          ; Median3x3 postfilering method]]
[2021.06.28-20.14.03:681][  0]LogConfig: Setting CVar [[r.DOF.Gather.EnableBokehSettings:0       ; no bokeh simulation when gathering]]
[2021.06.28-20.14.03:682][  0]LogConfig: Setting CVar [[r.DOF.Gather.RingCount:4                 ; medium number of samples when gathering]]
[2021.06.28-20.14.03:682][  0]LogConfig: Setting CVar [[r.DOF.Scatter.ForegroundCompositing:1    ; additive foreground scattering]]
[2021.06.28-20.14.03:682][  0]LogConfig: Setting CVar [[r.DOF.Scatter.BackgroundCompositing:2    ; additive background scattering]]
[2021.06.28-20.14.03:682][  0]LogConfig: Setting CVar [[r.DOF.Scatter.EnableBokehSettings:1      ; bokeh simulation when scattering]]
[2021.06.28-20.14.03:682][  0]LogConfig: Setting CVar [[r.DOF.Scatter.MaxSpriteRatio:0.1         ; only a maximum of 10% of scattered bokeh]]
[2021.06.28-20.14.03:682][  0]LogConfig: Setting CVar [[r.DOF.Recombine.Quality:1                ; cheap slight out of focus]]
[2021.06.28-20.14.03:682][  0]LogConfig: Setting CVar [[r.DOF.Recombine.EnableBokehSettings:0    ; no bokeh simulation on slight out of focus]]
[2021.06.28-20.14.03:682][  0]LogConfig: Setting CVar [[r.DOF.TemporalAAQuality:1                ; more stable temporal accumulation]]
[2021.06.28-20.14.03:682][  0]LogConfig: Setting CVar [[r.DOF.Kernel.MaxForegroundRadius:0.025]]
[2021.06.28-20.14.03:682][  0]LogConfig: Setting CVar [[r.DOF.Kernel.MaxBackgroundRadius:0.025]]
[2021.06.28-20.14.03:682][  0]LogConfig: Applying CVar settings from Section [TextureQuality@3] File [D:/FantaSynth_V2/Project/Saved/Config/Windows/Scalability.ini]
[2021.06.28-20.14.03:682][  0]LogConfig: Setting CVar [[r.Streaming.MipBias:0]]
[2021.06.28-20.14.03:682][  0]LogConfig: Setting CVar [[r.Streaming.AmortizeCPUToGPUCopy:0]]
[2021.06.28-20.14.03:682][  0]LogConfig: Setting CVar [[r.Streaming.MaxNumTexturesToStreamPerFrame:0]]
[2021.06.28-20.14.03:682][  0]LogConfig: Setting CVar [[r.Streaming.Boost:1]]
[2021.06.28-20.14.03:682][  0]LogConfig: Setting CVar [[r.MaxAnisotropy:8]]
[2021.06.28-20.14.03:682][  0]LogConfig: Setting CVar [[r.VT.MaxAnisotropy:8]]
[2021.06.28-20.14.03:682][  0]LogConfig: Setting CVar [[r.Streaming.LimitPoolSizeToVRAM:0]]
[2021.06.28-20.14.03:682][  0]LogConfig: Setting CVar [[r.Streaming.PoolSize:1000]]
[2021.06.28-20.14.03:682][  0]LogConfig: Setting CVar [[r.Streaming.MaxEffectiveScreenSize:0]]
[2021.06.28-20.14.03:682][  0]LogConfig: Applying CVar settings from Section [EffectsQuality@3] File [D:/FantaSynth_V2/Project/Saved/Config/Windows/Scalability.ini]
[2021.06.28-20.14.03:682][  0]LogConfig: Setting CVar [[r.TranslucencyLightingVolumeDim:64]]
[2021.06.28-20.14.03:682][  0]LogConfig: Setting CVar [[r.RefractionQuality:2]]
[2021.06.28-20.14.03:682][  0]LogConfig: Setting CVar [[r.SSR.Quality:3]]
[2021.06.28-20.14.03:682][  0]LogConfig: Setting CVar [[r.SSR.HalfResSceneColor:0]]
[2021.06.28-20.14.03:682][  0]LogConfig: Setting CVar [[r.SceneColorFormat:4]]
[2021.06.28-20.14.03:682][  0]LogConfig: Setting CVar [[r.DetailMode:2]]
[2021.06.28-20.14.03:682][  0]LogConfig: Setting CVar [[r.TranslucencyVolumeBlur:1]]
[2021.06.28-20.14.03:682][  0]LogConfig: Setting CVar [[r.MaterialQualityLevel:1 ; High quality]]
[2021.06.28-20.14.03:682][  0]LogConfig: Setting CVar [[r.SSS.Scale:1]]
[2021.06.28-20.14.03:682][  0]LogConfig: Setting CVar [[r.SSS.SampleSet:2]]
[2021.06.28-20.14.03:682][  0]LogConfig: Setting CVar [[r.SSS.Quality:1]]
[2021.06.28-20.14.03:682][  0]LogConfig: Setting CVar [[r.SSS.HalfRes:0]]
[2021.06.28-20.14.03:682][  0]LogConfig: Setting CVar [[r.SSGI.Quality:3]]
[2021.06.28-20.14.03:682][  0]LogConfig: Setting CVar [[r.EmitterSpawnRateScale:1.0]]
[2021.06.28-20.14.03:682][  0]LogConfig: Setting CVar [[r.ParticleLightQuality:2]]
[2021.06.28-20.14.03:682][  0]LogConfig: Setting CVar [[r.SkyAtmosphere.AerialPerspectiveLUT.FastApplyOnOpaque:1 ; Always have FastSkyLUT 1 in this case to avoid wrong sky]]
[2021.06.28-20.14.03:682][  0]LogConfig: Setting CVar [[r.SkyAtmosphere.AerialPerspectiveLUT.SampleCountPerSlice:1]]
[2021.06.28-20.14.03:682][  0]LogConfig: Setting CVar [[r.SkyAtmosphere.AerialPerspectiveLUT.DepthResolution:16.0]]
[2021.06.28-20.14.03:682][  0]LogConfig: Setting CVar [[r.SkyAtmosphere.FastSkyLUT:1]]
[2021.06.28-20.14.03:682][  0]LogConfig: Setting CVar [[r.SkyAtmosphere.FastSkyLUT.SampleCountMin:4.0]]
[2021.06.28-20.14.03:682][  0]LogConfig: Setting CVar [[r.SkyAtmosphere.FastSkyLUT.SampleCountMax:32.0]]
[2021.06.28-20.14.03:682][  0]LogConfig: Setting CVar [[r.SkyAtmosphere.SampleCountMin:4.0]]
[2021.06.28-20.14.03:682][  0]LogConfig: Setting CVar [[r.SkyAtmosphere.SampleCountMax:32.0]]
[2021.06.28-20.14.03:682][  0]LogConfig: Setting CVar [[r.SkyAtmosphere.TransmittanceLUT.UseSmallFormat:0]]
[2021.06.28-20.14.03:682][  0]LogConfig: Setting CVar [[r.SkyAtmosphere.TransmittanceLUT.SampleCount:10.0]]
[2021.06.28-20.14.03:682][  0]LogConfig: Setting CVar [[r.SkyAtmosphere.MultiScatteringLUT.SampleCount:15.0]]
[2021.06.28-20.14.03:682][  0]LogConfig: Applying CVar settings from Section [FoliageQuality@3] File [D:/FantaSynth_V2/Project/Saved/Config/Windows/Scalability.ini]
[2021.06.28-20.14.03:682][  0]LogConfig: Setting CVar [[foliage.DensityScale:1.0]]
[2021.06.28-20.14.03:682][  0]LogConfig: Setting CVar [[grass.DensityScale:1.0]]
[2021.06.28-20.14.03:682][  0]LogConfig: Applying CVar settings from Section [ShadingQuality@3] File [D:/FantaSynth_V2/Project/Saved/Config/Windows/Scalability.ini]
[2021.06.28-20.14.03:682][  0]LogConfig: Setting CVar [[r.HairStrands.SkyLighting.SampleCount:16]]
[2021.06.28-20.14.03:682][  0]LogConfig: Setting CVar [[r.HairStrands.SkyLighting.JitterIntegration:0]]
[2021.06.28-20.14.03:682][  0]LogConfig: Setting CVar [[r.HairStrands.SkyAO.SampleCount:16]]
[2021.06.28-20.14.03:682][  0]LogConfig: Setting CVar [[r.HairStrands.DeepShadow.SuperSampling:0]]
[2021.06.28-20.14.03:682][  0]LogConfig: Setting CVar [[r.HairStrands.VisibilityPPLL:0]]
[2021.06.28-20.14.03:682][  0]LogConfig: Setting CVar [[r.HairStrands.RasterizationScale:0.5]]
[2021.06.28-20.14.03:682][  0]LogConfig: Setting CVar [[r.HairStrands.VelocityRasterizationScale:1]]
[2021.06.28-20.14.03:683][  0]LogInit: Selected Device Profile: [Windows]
[2021.06.28-20.14.03:683][  0]LogInit: Applying CVar settings loaded from the selected device profile: [Windows]
[2021.06.28-20.14.03:685][  0]LogHAL: Display: Platform has ~ 16 GB [17014509568 / 17179869184 / 16], which maps to Larger [LargestMinGB=32, LargerMinGB=12, DefaultMinGB=8, SmallerMinGB=6, SmallestMinGB=0)
[2021.06.28-20.14.03:685][  0]LogInit: Going up to parent DeviceProfile []
[2021.06.28-20.14.03:685][  0]LogConfig: Applying CVar settings from Section [ViewDistanceQuality@3] File [D:/FantaSynth_V2/Project/Saved/Config/Windows/Scalability.ini]
[2021.06.28-20.14.03:685][  0]LogConfig: Setting CVar [[r.SkeletalMeshLODBias:0]]
[2021.06.28-20.14.03:685][  0]LogConfig: Setting CVar [[r.ViewDistanceScale:1.0]]
[2021.06.28-20.14.03:685][  0]LogConfig: Applying CVar settings from Section [AntiAliasingQuality@3] File [D:/FantaSynth_V2/Project/Saved/Config/Windows/Scalability.ini]
[2021.06.28-20.14.03:685][  0]LogConfig: Setting CVar [[r.PostProcessAAQuality:4]]
[2021.06.28-20.14.03:686][  0]LogConfig: Applying CVar settings from Section [ShadowQuality@3] File [D:/FantaSynth_V2/Project/Saved/Config/Windows/Scalability.ini]
[2021.06.28-20.14.03:686][  0]LogConfig: Setting CVar [[r.LightFunctionQuality:1]]
[2021.06.28-20.14.03:686][  0]LogConfig: Setting CVar [[r.ShadowQuality:5]]
[2021.06.28-20.14.03:686][  0]LogConfig: Setting CVar [[r.Shadow.CSM.MaxCascades:10]]
[2021.06.28-20.14.03:686][  0]LogConfig: Setting CVar [[r.Shadow.MaxResolution:2048]]
[2021.06.28-20.14.03:686][  0]LogConfig: Setting CVar [[r.Shadow.MaxCSMResolution:2048]]
[2021.06.28-20.14.03:686][  0]LogConfig: Setting CVar [[r.Shadow.RadiusThreshold:0.01]]
[2021.06.28-20.14.03:686][  0]LogConfig: Setting CVar [[r.Shadow.DistanceScale:1.0]]
[2021.06.28-20.14.03:686][  0]LogConfig: Setting CVar [[r.Shadow.CSM.TransitionScale:1.0]]
[2021.06.28-20.14.03:686][  0]LogConfig: Setting CVar [[r.Shadow.PreShadowResolutionFactor:1.0]]
[2021.06.28-20.14.03:686][  0]LogConfig: Setting CVar [[r.DistanceFieldShadowing:1]]
[2021.06.28-20.14.03:686][  0]LogConfig: Setting CVar [[r.DistanceFieldAO:1]]
[2021.06.28-20.14.03:686][  0]LogConfig: Setting CVar [[r.AOQuality:2]]
[2021.06.28-20.14.03:686][  0]LogConfig: Setting CVar [[r.VolumetricFog:1]]
[2021.06.28-20.14.03:686][  0]LogConfig: Setting CVar [[r.VolumetricFog.GridPixelSize:8]]
[2021.06.28-20.14.03:686][  0]LogConfig: Setting CVar [[r.VolumetricFog.GridSizeZ:128]]
[2021.06.28-20.14.03:686][  0]LogConfig: Setting CVar [[r.VolumetricFog.HistoryMissSupersampleCount:4]]
[2021.06.28-20.14.03:686][  0]LogConfig: Setting CVar [[r.LightMaxDrawDistanceScale:1]]
[2021.06.28-20.14.03:686][  0]LogConfig: Setting CVar [[r.CapsuleShadows:1]]
[2021.06.28-20.14.03:686][  0]LogConfig: Applying CVar settings from Section [PostProcessQuality@3] File [D:/FantaSynth_V2/Project/Saved/Config/Windows/Scalability.ini]
[2021.06.28-20.14.03:686][  0]LogConfig: Setting CVar [[r.MotionBlurQuality:4]]
[2021.06.28-20.14.03:686][  0]LogConfig: Setting CVar [[r.AmbientOcclusionMipLevelFactor:0.4]]
[2021.06.28-20.14.03:686][  0]LogConfig: Setting CVar [[r.AmbientOcclusionMaxQuality:100]]
[2021.06.28-20.14.03:686][  0]LogConfig: Setting CVar [[r.AmbientOcclusionLevels:-1]]
[2021.06.28-20.14.03:686][  0]LogConfig: Setting CVar [[r.AmbientOcclusionRadiusScale:1.0]]
[2021.06.28-20.14.03:686][  0]LogConfig: Setting CVar [[r.DepthOfFieldQuality:2]]
[2021.06.28-20.14.03:686][  0]LogConfig: Setting CVar [[r.RenderTargetPoolMin:400]]
[2021.06.28-20.14.03:686][  0]LogConfig: Setting CVar [[r.LensFlareQuality:2]]
[2021.06.28-20.14.03:686][  0]LogConfig: Setting CVar [[r.SceneColorFringeQuality:1]]
[2021.06.28-20.14.03:686][  0]LogConfig: Setting CVar [[r.EyeAdaptationQuality:2]]
[2021.06.28-20.14.03:686][  0]LogConfig: Setting CVar [[r.BloomQuality:5]]
[2021.06.28-20.14.03:686][  0]LogConfig: Setting CVar [[r.FastBlurThreshold:100]]
[2021.06.28-20.14.03:686][  0]LogConfig: Setting CVar [[r.Upscale.Quality:3]]
[2021.06.28-20.14.03:686][  0]LogConfig: Setting CVar [[r.Tonemapper.GrainQuantization:1]]
[2021.06.28-20.14.03:686][  0]LogConfig: Setting CVar [[r.LightShaftQuality:1]]
[2021.06.28-20.14.03:686][  0]LogConfig: Setting CVar [[r.Filter.SizeScale:1]]
[2021.06.28-20.14.03:686][  0]LogConfig: Setting CVar [[r.Tonemapper.Quality:5]]
[2021.06.28-20.14.03:686][  0]LogConfig: Setting CVar [[r.DOF.Gather.AccumulatorQuality:1        ; higher gathering accumulator quality]]
[2021.06.28-20.14.03:686][  0]LogConfig: Setting CVar [[r.DOF.Gather.PostfilterMethod:1          ; Median3x3 postfilering method]]
[2021.06.28-20.14.03:686][  0]LogConfig: Setting CVar [[r.DOF.Gather.EnableBokehSettings:0       ; no bokeh simulation when gathering]]
[2021.06.28-20.14.03:686][  0]LogConfig: Setting CVar [[r.DOF.Gather.RingCount:4                 ; medium number of samples when gathering]]
[2021.06.28-20.14.03:686][  0]LogConfig: Setting CVar [[r.DOF.Scatter.ForegroundCompositing:1    ; additive foreground scattering]]
[2021.06.28-20.14.03:686][  0]LogConfig: Setting CVar [[r.DOF.Scatter.BackgroundCompositing:2    ; additive background scattering]]
[2021.06.28-20.14.03:686][  0]LogConfig: Setting CVar [[r.DOF.Scatter.EnableBokehSettings:1      ; bokeh simulation when scattering]]
[2021.06.28-20.14.03:686][  0]LogConfig: Setting CVar [[r.DOF.Scatter.MaxSpriteRatio:0.1         ; only a maximum of 10% of scattered bokeh]]
[2021.06.28-20.14.03:686][  0]LogConfig: Setting CVar [[r.DOF.Recombine.Quality:1                ; cheap slight out of focus]]
[2021.06.28-20.14.03:686][  0]LogConfig: Setting CVar [[r.DOF.Recombine.EnableBokehSettings:0    ; no bokeh simulation on slight out of focus]]
[2021.06.28-20.14.03:686][  0]LogConfig: Setting CVar [[r.DOF.TemporalAAQuality:1                ; more stable temporal accumulation]]
[2021.06.28-20.14.03:686][  0]LogConfig: Setting CVar [[r.DOF.Kernel.MaxForegroundRadius:0.025]]
[2021.06.28-20.14.03:686][  0]LogConfig: Setting CVar [[r.DOF.Kernel.MaxBackgroundRadius:0.025]]
[2021.06.28-20.14.03:686][  0]LogConfig: Applying CVar settings from Section [TextureQuality@3] File [D:/FantaSynth_V2/Project/Saved/Config/Windows/Scalability.ini]
[2021.06.28-20.14.03:686][  0]LogConfig: Setting CVar [[r.Streaming.MipBias:0]]
[2021.06.28-20.14.03:686][  0]LogConfig: Setting CVar [[r.Streaming.AmortizeCPUToGPUCopy:0]]
[2021.06.28-20.14.03:686][  0]LogConfig: Setting CVar [[r.Streaming.MaxNumTexturesToStreamPerFrame:0]]
[2021.06.28-20.14.03:686][  0]LogConfig: Setting CVar [[r.Streaming.Boost:1]]
[2021.06.28-20.14.03:686][  0]LogConfig: Setting CVar [[r.MaxAnisotropy:8]]
[2021.06.28-20.14.03:686][  0]LogConfig: Setting CVar [[r.VT.MaxAnisotropy:8]]
[2021.06.28-20.14.03:687][  0]LogConfig: Setting CVar [[r.Streaming.LimitPoolSizeToVRAM:0]]
[2021.06.28-20.14.03:687][  0]LogConfig: Setting CVar [[r.Streaming.PoolSize:1000]]
[2021.06.28-20.14.03:687][  0]LogConfig: Setting CVar [[r.Streaming.MaxEffectiveScreenSize:0]]
[2021.06.28-20.14.03:687][  0]LogConfig: Applying CVar settings from Section [EffectsQuality@3] File [D:/FantaSynth_V2/Project/Saved/Config/Windows/Scalability.ini]
[2021.06.28-20.14.03:687][  0]LogConfig: Setting CVar [[r.TranslucencyLightingVolumeDim:64]]
[2021.06.28-20.14.03:687][  0]LogConfig: Setting CVar [[r.RefractionQuality:2]]
[2021.06.28-20.14.03:687][  0]LogConfig: Setting CVar [[r.SSR.Quality:3]]
[2021.06.28-20.14.03:687][  0]LogConfig: Setting CVar [[r.SSR.HalfResSceneColor:0]]
[2021.06.28-20.14.03:687][  0]LogConfig: Setting CVar [[r.SceneColorFormat:4]]
[2021.06.28-20.14.03:687][  0]LogConfig: Setting CVar [[r.DetailMode:2]]
[2021.06.28-20.14.03:687][  0]LogConfig: Setting CVar [[r.TranslucencyVolumeBlur:1]]
[2021.06.28-20.14.03:687][  0]LogConfig: Setting CVar [[r.MaterialQualityLevel:1 ; High quality]]
[2021.06.28-20.14.03:687][  0]LogConfig: Setting CVar [[r.SSS.Scale:1]]
[2021.06.28-20.14.03:687][  0]LogConfig: Setting CVar [[r.SSS.SampleSet:2]]
[2021.06.28-20.14.03:687][  0]LogConfig: Setting CVar [[r.SSS.Quality:1]]
[2021.06.28-20.14.03:687][  0]LogConfig: Setting CVar [[r.SSS.HalfRes:0]]
[2021.06.28-20.14.03:687][  0]LogConfig: Setting CVar [[r.SSGI.Quality:3]]
[2021.06.28-20.14.03:687][  0]LogConfig: Setting CVar [[r.EmitterSpawnRateScale:1.0]]
[2021.06.28-20.14.03:687][  0]LogConfig: Setting CVar [[r.ParticleLightQuality:2]]
[2021.06.28-20.14.03:687][  0]LogConfig: Setting CVar [[r.SkyAtmosphere.AerialPerspectiveLUT.FastApplyOnOpaque:1 ; Always have FastSkyLUT 1 in this case to avoid wrong sky]]
[2021.06.28-20.14.03:687][  0]LogConfig: Setting CVar [[r.SkyAtmosphere.AerialPerspectiveLUT.SampleCountPerSlice:1]]
[2021.06.28-20.14.03:687][  0]LogConfig: Setting CVar [[r.SkyAtmosphere.AerialPerspectiveLUT.DepthResolution:16.0]]
[2021.06.28-20.14.03:687][  0]LogConfig: Setting CVar [[r.SkyAtmosphere.FastSkyLUT:1]]
[2021.06.28-20.14.03:687][  0]LogConfig: Setting CVar [[r.SkyAtmosphere.FastSkyLUT.SampleCountMin:4.0]]
[2021.06.28-20.14.03:687][  0]LogConfig: Setting CVar [[r.SkyAtmosphere.FastSkyLUT.SampleCountMax:32.0]]
[2021.06.28-20.14.03:687][  0]LogConfig: Setting CVar [[r.SkyAtmosphere.SampleCountMin:4.0]]
[2021.06.28-20.14.03:687][  0]LogConfig: Setting CVar [[r.SkyAtmosphere.SampleCountMax:32.0]]
[2021.06.28-20.14.03:687][  0]LogConfig: Setting CVar [[r.SkyAtmosphere.TransmittanceLUT.UseSmallFormat:0]]
[2021.06.28-20.14.03:687][  0]LogConfig: Setting CVar [[r.SkyAtmosphere.TransmittanceLUT.SampleCount:10.0]]
[2021.06.28-20.14.03:687][  0]LogConfig: Setting CVar [[r.SkyAtmosphere.MultiScatteringLUT.SampleCount:15.0]]
[2021.06.28-20.14.03:687][  0]LogConfig: Applying CVar settings from Section [FoliageQuality@3] File [D:/FantaSynth_V2/Project/Saved/Config/Windows/Scalability.ini]
[2021.06.28-20.14.03:687][  0]LogConfig: Setting CVar [[foliage.DensityScale:1.0]]
[2021.06.28-20.14.03:687][  0]LogConfig: Setting CVar [[grass.DensityScale:1.0]]
[2021.06.28-20.14.03:687][  0]LogConfig: Applying CVar settings from Section [ShadingQuality@3] File [D:/FantaSynth_V2/Project/Saved/Config/Windows/Scalability.ini]
[2021.06.28-20.14.03:687][  0]LogConfig: Setting CVar [[r.HairStrands.SkyLighting.SampleCount:16]]
[2021.06.28-20.14.03:687][  0]LogConfig: Setting CVar [[r.HairStrands.SkyLighting.JitterIntegration:0]]
[2021.06.28-20.14.03:687][  0]LogConfig: Setting CVar [[r.HairStrands.SkyAO.SampleCount:16]]
[2021.06.28-20.14.03:687][  0]LogConfig: Setting CVar [[r.HairStrands.DeepShadow.SuperSampling:0]]
[2021.06.28-20.14.03:687][  0]LogConfig: Setting CVar [[r.HairStrands.VisibilityPPLL:0]]
[2021.06.28-20.14.03:687][  0]LogConfig: Setting CVar [[r.HairStrands.RasterizationScale:0.5]]
[2021.06.28-20.14.03:687][  0]LogConfig: Setting CVar [[r.HairStrands.VelocityRasterizationScale:1]]
[2021.06.28-20.14.03:687][  0]LogConfig: Applying CVar settings from Section [Startup] File [../../../Engine/Config/ConsoleVariables.ini]
[2021.06.28-20.14.03:688][  0]LogConfig: Setting CVar [[net.UseAdaptiveNetUpdateFrequency:0]]
[2021.06.28-20.14.03:688][  0]LogConfig: Setting CVar [[p.chaos.AllowCreatePhysxBodies:1]]
[2021.06.28-20.14.03:688][  0]LogConfig: Setting CVar [[fx.SkipVectorVMBackendOptimizations:1]]
[2021.06.28-20.14.03:688][  0]LogConfig: Applying CVar settings from Section [ConsoleVariables] File [D:/FantaSynth_V2/Project/Saved/Config/Windows/Engine.ini]
[2021.06.28-20.14.03:688][  0]LogInit: Computer: DESKTOP-92ESAPI
[2021.06.28-20.14.03:688][  0]LogInit: User: kzago
[2021.06.28-20.14.03:688][  0]LogInit: CPU Page size=4096, Cores=4
[2021.06.28-20.14.03:688][  0]LogInit: High frequency timer resolution =10.000000 MHz
[2021.06.28-20.14.03:688][  0]LogMemory: Memory total: Physical=15.8GB (16GB approx)
[2021.06.28-20.14.03:688][  0]LogMemory: Platform Memory Stats for Windows
[2021.06.28-20.14.03:688][  0]LogMemory: Process Physical Memory: 118.45 MB used, 118.45 MB peak
[2021.06.28-20.14.03:688][  0]LogMemory: Process Virtual Memory: 116.12 MB used, 116.12 MB peak
[2021.06.28-20.14.03:689][  0]LogMemory: Physical Memory: 12176.35 MB used,  4049.95 MB free, 16226.30 MB total
[2021.06.28-20.14.03:689][  0]LogMemory: Virtual Memory: 5202.83 MB used,  134212528.00 MB free, 134217728.00 MB total
[2021.06.28-20.14.03:697][  0]LogWindows: WindowsPlatformFeatures enabled
[2021.06.28-20.14.03:897][  0]LogInit: Physics initialised using underlying interface: PhysX
[2021.06.28-20.14.03:900][  0]LogInit: Using OS detected language (pl-PL).
[2021.06.28-20.14.03:900][  0]LogInit: Using OS detected locale (pl-PL).
[2021.06.28-20.14.03:924][  0]LogTextLocalizationManager: No specific localization for 'pl-PL' exists, so the 'pl' localization will be used.
[2021.06.28-20.14.03:924][  0]LogTextLocalizationResource: LocRes '../../../Engine/Content/Localization/Editor/pl/Editor.locres' could not be opened for reading!
[2021.06.28-20.14.03:924][  0]LogTextLocalizationResource: LocRes '../../../Engine/Content/Localization/EditorTutorials/pl/EditorTutorials.locres' could not be opened for reading!
[2021.06.28-20.14.03:924][  0]LogTextLocalizationResource: LocRes '../../../Engine/Content/Localization/Keywords/pl/Keywords.locres' could not be opened for reading!
[2021.06.28-20.14.03:925][  0]LogTextLocalizationResource: LocRes '../../../Engine/Content/Localization/Category/pl/Category.locres' could not be opened for reading!
[2021.06.28-20.14.03:925][  0]LogTextLocalizationResource: LocRes '../../../Engine/Content/Localization/ToolTips/pl/ToolTips.locres' could not be opened for reading!
[2021.06.28-20.14.03:926][  0]LogTextLocalizationResource: LocRes '../../../Engine/Content/Localization/PropertyNames/pl/PropertyNames.locres' could not be opened for reading!
[2021.06.28-20.14.03:926][  0]LogTextLocalizationResource: LocRes '../../../Engine/Content/Localization/Engine/pl/Engine.locres' could not be opened for reading!
[2021.06.28-20.14.03:928][  0]LogInit: Setting process to per monitor DPI aware
[2021.06.28-20.14.04:024][  0]LogSlate: New Slate User Created.  User Index 0, Is Virtual User: 0
[2021.06.28-20.14.04:024][  0]LogSlate: Slate User Registered.  User Index 0, Is Virtual User: 0
[2021.06.28-20.14.04:777][  0]LogHMD: Failed to initialize OpenVR with code 126
[2021.06.28-20.14.04:777][  0]LogD3D11RHI: D3D11 min allowed feature level: 11_0
[2021.06.28-20.14.04:777][  0]LogD3D11RHI: D3D11 max allowed feature level: 11_0
[2021.06.28-20.14.04:777][  0]LogD3D11RHI: D3D11 adapters:
[2021.06.28-20.14.04:867][  0]LogD3D11RHI:    0. 'NVIDIA GeForce GTX 1050' (Feature Level 11_0)
[2021.06.28-20.14.04:867][  0]LogD3D11RHI:       4019/0/8113 MB DedicatedVideo/DedicatedSystem/SharedSystem, Outputs:1, VendorId:0x10de
[2021.06.28-20.14.04:890][  0]LogD3D11RHI:    1. 'Intel(R) UHD Graphics 630' (Feature Level 11_0)
[2021.06.28-20.14.04:890][  0]LogD3D11RHI:       128/0/8113 MB DedicatedVideo/DedicatedSystem/SharedSystem, Outputs:1, VendorId:0x8086
[2021.06.28-20.14.04:900][  0]LogD3D11RHI:    2. 'Microsoft Basic Render Driver' (Feature Level 11_0)
[2021.06.28-20.14.04:900][  0]LogD3D11RHI:       0/0/8113 MB DedicatedVideo/DedicatedSystem/SharedSystem, Outputs:0, VendorId:0x1414
[2021.06.28-20.14.04:900][  0]LogD3D11RHI: Chosen D3D11 Adapter: 0
[2021.06.28-20.14.04:911][  0]LogD3D11RHI: Creating new Direct3DDevice
[2021.06.28-20.14.04:911][  0]LogD3D11RHI:     GPU DeviceId: 0x1c8d (for the marketing name, search the web for "GPU Device Id")
[2021.06.28-20.14.04:911][  0]LogWindows: EnumDisplayDevices:
[2021.06.28-20.14.04:912][  0]LogWindows:    0. 'Intel(R) UHD Graphics 630' (P:0 D:1)
[2021.06.28-20.14.04:912][  0]LogWindows:    1. 'Intel(R) UHD Graphics 630' (P:0 D:0)
[2021.06.28-20.14.04:912][  0]LogWindows:    2. 'Intel(R) UHD Graphics 630' (P:0 D:0)
[2021.06.28-20.14.04:913][  0]LogWindows:    3. 'NVIDIA GeForce GTX 1050' (P:1 D:1)
[2021.06.28-20.14.04:913][  0]LogWindows: DebugString: PrimaryIsNotTheChoosenAdapter PrimaryIsNotTheChoosenAdapter PrimaryIsNotTheChoosenAdapter 
[2021.06.28-20.14.04:913][  0]LogD3D11RHI:     Adapter Name: NVIDIA GeForce GTX 1050
[2021.06.28-20.14.04:913][  0]LogD3D11RHI:   Driver Version: 419.72 (internal:25.21.14.1972, unified:419.72)
[2021.06.28-20.14.04:913][  0]LogD3D11RHI:      Driver Date: 3-18-2019
[2021.06.28-20.14.04:913][  0]LogRHI: Texture pool is 2813 MB (70% of 4019 MB)
[2021.06.28-20.14.04:973][  0]LogD3D11RHI: RHI has support for 64 bit atomics
[2021.06.28-20.14.04:974][  0]LogD3D11RHI: Async texture creation enabled
[2021.06.28-20.14.04:974][  0]LogD3D11RHI: Array index from any shader is supported
[2021.06.28-20.14.05:074][  0]LogD3D11RHI: GPU Timing Frequency: 1000.000000 (Debug: 2 1)
[2021.06.28-20.14.05:810][  0]LogTargetPlatformManager: Display: Loaded TargetPlatform 'AllDesktop'
[2021.06.28-20.14.05:840][  0]LogTargetPlatformManager: Display: Loaded TargetPlatform 'Android'
[2021.06.28-20.14.05:840][  0]LogTargetPlatformManager: Display: Loaded TargetPlatform 'Android_ASTC'
[2021.06.28-20.14.05:840][  0]LogTargetPlatformManager: Display: Loaded TargetPlatform 'Android_DXT'
[2021.06.28-20.14.05:840][  0]LogTargetPlatformManager: Display: Loaded TargetPlatform 'Android_ETC2'
[2021.06.28-20.14.05:840][  0]LogTargetPlatformManager: Display: Loaded TargetPlatform 'AndroidClient'
[2021.06.28-20.14.05:840][  0]LogTargetPlatformManager: Display: Loaded TargetPlatform 'Android_ASTCClient'
[2021.06.28-20.14.05:840][  0]LogTargetPlatformManager: Display: Loaded TargetPlatform 'Android_DXTClient'
[2021.06.28-20.14.05:840][  0]LogTargetPlatformManager: Display: Loaded TargetPlatform 'Android_ETC2Client'
[2021.06.28-20.14.05:840][  0]LogTargetPlatformManager: Display: Loaded TargetPlatform 'Android_Multi'
[2021.06.28-20.14.05:840][  0]LogTargetPlatformManager: Display: Loaded TargetPlatform 'Android_MultiClient'
[2021.06.28-20.14.05:879][  0]LogTargetPlatformManager: Display: Loaded TargetPlatform 'IOSClient'
[2021.06.28-20.14.05:879][  0]LogTargetPlatformManager: Display: Loaded TargetPlatform 'IOS'
[2021.06.28-20.14.05:896][  0]LogTargetPlatformManager: Display: Loaded TargetPlatform 'Linux'
[2021.06.28-20.14.05:909][  0]LogTargetPlatformManager: Display: Loaded TargetPlatform 'LinuxNoEditor'
[2021.06.28-20.14.05:923][  0]LogTargetPlatformManager: Display: Loaded TargetPlatform 'LinuxClient'
[2021.06.28-20.14.05:937][  0]LogTargetPlatformManager: Display: Loaded TargetPlatform 'LinuxServer'
[2021.06.28-20.14.05:953][  0]LogTargetPlatformManager: Display: Loaded TargetPlatform 'LinuxAArch64NoEditor'
[2021.06.28-20.14.05:966][  0]LogTargetPlatformManager: Display: Loaded TargetPlatform 'LinuxAArch64Client'
[2021.06.28-20.14.05:980][  0]LogTargetPlatformManager: Display: Loaded TargetPlatform 'LinuxAArch64Server'
[2021.06.28-20.14.06:019][  0]LogTargetPlatformManager: Display: Loaded TargetPlatform 'Lumin'
[2021.06.28-20.14.06:019][  0]LogTargetPlatformManager: Display: Loaded TargetPlatform 'LuminClient'
[2021.06.28-20.14.06:048][  0]LogTargetPlatformManager: Display: Loaded TargetPlatform 'TVOSClient'
[2021.06.28-20.14.06:049][  0]LogTargetPlatformManager: Display: Loaded TargetPlatform 'TVOS'
[2021.06.28-20.14.06:063][  0]LogTargetPlatformManager: Display: Loaded TargetPlatform 'WindowsNoEditor'
[2021.06.28-20.14.06:077][  0]LogTargetPlatformManager: Display: Loaded TargetPlatform 'Windows'
[2021.06.28-20.14.06:091][  0]LogTargetPlatformManager: Display: Loaded TargetPlatform 'WindowsClient'
[2021.06.28-20.14.06:104][  0]LogTargetPlatformManager: Display: Loaded TargetPlatform 'WindowsServer'
[2021.06.28-20.14.06:104][  0]LogTargetPlatformManager: Display: Building Assets For Windows
[2021.06.28-20.14.06:121][  0]LogAudioDebug: Display: Lib vorbis DLL was dynamically loaded.
[2021.06.28-20.14.06:344][  0]LogShaderCompilers: Guid format shader working directory is 22 characters bigger than the processId version (D:/FantaSynth_V2/Project/Intermediate/Shaders/WorkingDirectory/7380/).
[2021.06.28-20.14.06:344][  0]LogShaderCompilers: Cleaned the shader compiler working directory 'C:/Users/kzago/AppData/Local/Temp/UnrealShaderWorkingDir/099AD12949B73DB638F460ADF0D858E5/'.
[2021.06.28-20.14.06:346][  0]LogXGEController: Cleaning working directory: C:/Users/kzago/AppData/Local/Temp/UnrealXGEWorkingDir/
[2021.06.28-20.14.06:346][  0]LogXGEController: Cannot use XGE Controller as Incredibuild is not installed on this machine.
[2021.06.28-20.14.06:346][  0]LogShaderCompilers: Cannot use XGE Shader Compiler as Incredibuild is not installed on this machine.
[2021.06.28-20.14.06:346][  0]LogShaderCompilers: Display: Using Local Shader Compiler.
[2021.06.28-20.14.07:368][  0]LogDerivedDataCache: Display: Max Cache Size: 512 MB
[2021.06.28-20.14.07:822][  0]LogDerivedDataCache: Loaded boot cache 0.45s 79MB C:/Users/kzago/AppData/Local/UnrealEngine/4.25/DerivedDataCache/Boot.ddc.
[2021.06.28-20.14.07:823][  0]LogDerivedDataCache: Display: Loaded Boot cache: C:/Users/kzago/AppData/Local/UnrealEngine/4.25/DerivedDataCache/Boot.ddc
[2021.06.28-20.14.07:823][  0]LogDerivedDataCache: FDerivedDataBackendGraph:  Pak pak cache file D:/FantaSynth_V2/Project/DerivedDataCache/DDC.ddp not found, will not use a pak cache.
[2021.06.28-20.14.07:823][  0]LogDerivedDataCache: Unable to find inner node Pak for hierarchical cache Hierarchy.
[2021.06.28-20.14.07:823][  0]LogDerivedDataCache: FDerivedDataBackendGraph:  CompressedPak pak cache file D:/FantaSynth_V2/Project/DerivedDataCache/Compressed.ddp not found, will not use a pak cache.
[2021.06.28-20.14.07:823][  0]LogDerivedDataCache: Unable to find inner node CompressedPak for hierarchical cache Hierarchy.
[2021.06.28-20.14.07:837][  0]LogDerivedDataCache: Display: Pak cache opened for reading ../../../Engine/DerivedDataCache/Compressed.ddp.
[2021.06.28-20.14.07:837][  0]LogDerivedDataCache: FDerivedDataBackendGraph:  EnterprisePak pak cache file ../../../Enterprise/DerivedDataCache/Compressed.ddp not found, will not use a pak cache.
[2021.06.28-20.14.07:837][  0]LogDerivedDataCache: Unable to find inner node EnterprisePak for hierarchical cache Hierarchy.
[2021.06.28-20.14.07:839][  0]LogDerivedDataCache: Using Local data cache path C:/Users/kzago/AppData/Local/UnrealEngine/Common/DerivedDataCache: Writable
[2021.06.28-20.14.07:839][  0]LogDerivedDataCache: Shared data cache path not found in *engine.ini, will not use an Shared cache.
[2021.06.28-20.14.07:839][  0]LogDerivedDataCache: Unable to find inner node Shared for hierarchical cache Hierarchy.
[2021.06.28-20.14.07:899][  0]LogSlate: Using FreeType 2.10.0
[2021.06.28-20.14.07:903][  0]LogSlate: SlateFontServices - WITH_FREETYPE: 1, WITH_HARFBUZZ: 1
[2021.06.28-20.14.07:964][  0]LogAssetRegistry: FAssetRegistry took 0.0059 seconds to start up
[2021.06.28-20.14.08:388][  0]LogInit: Selected Device Profile: [Windows]
[2021.06.28-20.14.08:857][  0]LogMeshReduction: Using QuadricMeshReduction for automatic static mesh reduction
[2021.06.28-20.14.08:857][  0]LogMeshReduction: Using SimplygonMeshReduction for automatic skeletal mesh reduction
[2021.06.28-20.14.08:857][  0]LogMeshReduction: Using ProxyLODMeshReduction for automatic mesh merging
[2021.06.28-20.14.08:857][  0]LogMeshReduction: No distributed automatic mesh merging module available
[2021.06.28-20.14.08:858][  0]LogMeshMerging: No distributed automatic mesh merging module available
[2021.06.28-20.14.08:902][  0]LogNetVersion: FantaSynthh 1.0.0, NetCL: 13144385, EngineNetVer: 14, GameNetVer: 0 (Checksum: 2728419135)
[2021.06.28-20.14.09:948][  0]LogAISub: UAISubsystem::UAISubsystem AISubsystem (0000012FF9EB2380), frame # 0
[2021.06.28-20.14.09:948][  0]LogAISub: UAISubsystem::UAISubsystem AIPerceptionSystem (0000012FF9E52700), frame # 0
[2021.06.28-20.14.09:953][  0]LogAISub: UAISubsystem::UAISubsystem EnvQueryManager (0000012FF9E99C00), frame # 0
[2021.06.28-20.14.10:028][  0]LogPackageLocalizationCache: Processed 19 localized package path(s) for 1 prioritized culture(s) in 0.037539 seconds
[2021.06.28-20.14.10:033][  0]LogUObjectArray: 15917 objects as part of root set at end of initial load.
[2021.06.28-20.14.10:033][  0]LogUObjectAllocator: 3965568 out of 0 bytes used by permanent object pool.
[2021.06.28-20.14.10:033][  0]LogUObjectArray: CloseDisregardForGC: 0/0 objects in disregard for GC pool
[2021.06.28-20.14.11:248][  0]LogTcpMessaging: Initializing TcpMessaging bridge
[2021.06.28-20.14.11:259][  0]LogUdpMessaging: Initializing bridge on interface 0.0.0.0:0 to multicast group 230.0.0.1:6666.
[2021.06.28-20.14.11:364][  0]LogLinker: Warning: Failed to load '/Game/FirstPersonBP/FirstPersonOverview': Can't find file.
[2021.06.28-20.14.11:365][  0]LogLinker: Warning: Failed to load '/Game/FirstPersonBP/FirstPersonOverview': Can't find file.
[2021.06.28-20.14.11:365][  0]LogUObjectGlobals: Warning: Failed to find object 'Class /Game/FirstPersonBP/FirstPersonOverview.FirstPersonOverview_C'
[2021.06.28-20.14.11:453][  0]SourceControl: Source control is disabled
[2021.06.28-20.14.13:036][  0]LogAndroidPermission: UAndroidPermissionCallbackProxy::GetInstance
[2021.06.28-20.14.13:072][  0]LogAudioCaptureCore: Display: No Audio Capture implementations found. Audio input will be silent.
[2021.06.28-20.14.13:072][  0]LogAudioCaptureCore: Display: No Audio Capture implementations found. Audio input will be silent.
[2021.06.28-20.14.13:162][  0]LogOcInput: OculusInput pre-init called
[2021.06.28-20.14.13:689][  0]LogEngine: Initializing Engine...
[2021.06.28-20.14.13:792][  0]LogHMD: Failed to initialize OpenVR with code 108
[2021.06.28-20.14.13:792][  0]LogMagicLeap: Warning: VR disabled because ZI is not enabled.  To enable, in the editor, Edit -> Project Settings -> Plugins -> Magic Leap Plugin -> Enable Zero Iteration
[2021.06.28-20.14.13:798][  0]LogStats: UGameplayTagsManager::InitializeManager -  0.002 s
[2021.06.28-20.14.14:126][  0]LogInit: Initializing FReadOnlyCVARCache
[2021.06.28-20.14.14:212][  0]LogAIModule: Creating AISystem for world Untitled
[2021.06.28-20.14.14:212][  0]LogAISub: UAISubsystem::UAISubsystem EnvQueryManager (0000012FFFD11E00), frame # 0
[2021.06.28-20.14.14:212][  0]LogAISub: UAISubsystem::UAISubsystem AIPerceptionSystem (0000012FFFCEB9C0), frame # 0
[2021.06.28-20.14.14:240][  0]LogAudioMixer: Display: Audio Mixer Platform Settings:
[2021.06.28-20.14.14:240][  0]LogAudioMixer: Display: 	Sample Rate:						  48000
[2021.06.28-20.14.14:240][  0]LogAudioMixer: Display: 	Callback Buffer Frame Size Requested: 1024
[2021.06.28-20.14.14:240][  0]LogAudioMixer: Display: 	Callback Buffer Frame Size To Use:	  1024
[2021.06.28-20.14.14:240][  0]LogAudioMixer: Display: 	Number of buffers to queue:			  2
[2021.06.28-20.14.14:240][  0]LogAudioMixer: Display: 	Max Channels (voices):				  32
[2021.06.28-20.14.14:240][  0]LogAudioMixer: Display: 	Number of Async Source Workers:		  0
[2021.06.28-20.14.14:240][  0]LogAudio: Display: AudioDevice MaxSources: 32
[2021.06.28-20.14.14:243][  0]LogAudio: Display: Using built-in audio occlusion.
[2021.06.28-20.14.14:243][  0]LogAudioMixer: Display: Initializing audio mixer.
[2021.06.28-20.14.14:292][  0]LogAudioMixer: Display: 0: FrontLeft
[2021.06.28-20.14.14:292][  0]LogAudioMixer: Display: 1: FrontRight
[2021.06.28-20.14.14:362][  0]LogAudioMixer: Display: Using Audio Device Headset Earphone (Arctis 5 Chat)
[2021.06.28-20.14.14:364][  0]LogAudioMixer: Display: Initializing Sound Submixes...
[2021.06.28-20.14.14:369][  0]LogAudioMixer: Display: Creating Master Submix 'MasterSubmixDefault'
[2021.06.28-20.14.14:369][  0]LogAudioMixer: Display: Creating Master Submix 'MasterReverbSubmixDefault'
[2021.06.28-20.14.14:372][  0]LogAudioMixer: Display: Creating Master Submix 'MasterEQSubmixDefault'
[2021.06.28-20.14.14:374][  0]LogInit: FAudioDevice initialized.
[2021.06.28-20.14.14:376][  0]LogNetVersion: Set ProjectVersion to 1.0.0.0. Version Checksum will be recalculated on next use.
[2021.06.28-20.14.14:552][  0]LogDerivedDataCache: Saved boot cache 0.18s 79MB C:/Users/kzago/AppData/Local/UnrealEngine/4.25/DerivedDataCache/Boot.ddc.
[2021.06.28-20.14.14:555][  0]LogInit: Texture streaming: Enabled
[2021.06.28-20.14.14:593][  0]LogEngineSessionManager: EngineSessionManager initialized
[2021.06.28-20.14.14:593][  0]LogEditorSessionSummary: Verbose: Initializing EditorSessionSummaryWriter for editor session tracking
[2021.06.28-20.14.14:607][  0]LogEditorSessionSummary: EditorSessionSummaryWriter initialized
[2021.06.28-20.14.14:688][  0]LogInit: Transaction tracking system initialized
[2021.06.28-20.14.14:754][  0]BlueprintLog: New page: Editor Load
[2021.06.28-20.14.15:048][  0]LocalizationService: Localization service is disabled
[2021.06.28-20.14.15:809][  0]LogSlate: Took 0.001390 seconds to synchronously load lazily loaded font '../../../Engine/Content/Slate/Fonts/Roboto-Regular.ttf' (155K)
[2021.06.28-20.26.46:668][  0]LogSlate: Window 'Low drive space warning' being destroyed
[2021.06.28-20.26.46:684][  0]Message dialog closed, result: Ok, title: Low drive space warning, text: The following drive locations have limited free space.
It is recommended that you free some space to avoid issues such as crashed and data loss due to files not being able to be written and saved.

  4 331 MB Free 		 C:/Program Files/Epic Games/UE_4.25/Engine/Binaries/Win64/
 				 The base engine directory. 

[2021.06.28-20.26.46:927][  0]LogCook: Display: Max memory allowance for cook 16384mb min free memory 0mb
[2021.06.28-20.26.46:928][  0]LogCook: Display: Mobile HDR setting 1
[2021.06.28-20.26.47:341][  0]LogFileCache: Scanning file cache for directory 'D:/FantaSynth_V2/Project/Content/' took 0.01s
[2021.06.28-20.26.47:786][  0]LogUnrealEdMisc: Loading editor; pre map load, took 771.874
[2021.06.28-20.26.47:791][  0]Cmd: MAP LOAD FILE="D:/FantaSynth_V2/Project/Content/Levels/TestLevel.umap" TEMPLATE=0 SHOWPROGRESS=1 FEATURELEVEL=3
[2021.06.28-20.26.47:794][  0]LightingResults: New page: Lighting Build
[2021.06.28-20.26.47:811][  0]LogWorld: UWorld::CleanupWorld for Untitled, bSessionEnded=true, bCleanupResources=true
[2021.06.28-20.26.47:814][  0]LogSlate: InvalidateAllWidgets triggered.  All widgets were invalidated
[2021.06.28-20.26.47:817][  0]MapCheck: New page: Map Check
[2021.06.28-20.26.47:817][  0]LightingResults: New page: Lighting Build
[2021.06.28-20.26.47:885][  0]LogAISub: UAISubsystem::~UAISubsystem EnvQueryManager (0000012FFFD11E00), frame # 0
[2021.06.28-20.26.47:886][  0]LogAISub: UAISubsystem::~UAISubsystem AIPerceptionSystem (0000012FFFCEB9C0), frame # 0
[2021.06.28-20.26.47:888][  0]LogUObjectHash: Compacting FUObjectHashTables data took   0.89ms
[2021.06.28-20.27.44:714][  0]LogAIModule: Creating AISystem for world TestLevel
[2021.06.28-20.27.44:714][  0]LogAISub: UAISubsystem::UAISubsystem EnvQueryManager (0000012FA463A600), frame # 0
[2021.06.28-20.27.44:714][  0]LogAISub: UAISubsystem::UAISubsystem AIPerceptionSystem (0000012FA4666D40), frame # 0
[2021.06.28-20.27.44:796][  0]LogEditorServer: Finished looking for orphan Actors (0.000 secs)
[2021.06.28-20.27.44:825][  0]LogUObjectHash: Compacting FUObjectHashTables data took   0.91ms
[2021.06.28-20.27.44:826][  0]Cmd: MAP CHECKDEP NOCLEARLOG
[2021.06.28-20.27.44:827][  0]MapCheck: Map check complete: 0 Error(s), 0 Warning(s), took 0,888ms to complete.
[2021.06.28-20.27.44:827][  0]LogFileHelpers: Loading map 'TestLevel' took 57.040
[2021.06.28-20.27.44:916][  0]LogUnrealEdMisc: Total Editor Startup Time, took 829.003
[2021.06.28-20.27.45:897][  0]LogSlate: Updating window title bar state: overlay mode, drag disabled, window buttons hidden, title bar hidden
[2021.06.28-20.27.45:908][  0]LogSlate: Updating window title bar state: overlay mode, drag disabled, window buttons hidden, title bar hidden
[2021.06.28-20.27.45:919][  0]LogSlate: Updating window title bar state: overlay mode, drag disabled, window buttons hidden, title bar hidden
[2021.06.28-20.27.45:930][  0]LogSlate: Updating window title bar state: overlay mode, drag disabled, window buttons hidden, title bar hidden
[2021.06.28-20.27.45:958][  0]LogCollectionManager: Loaded 0 collections in 0.002789 seconds
[2021.06.28-20.27.46:006][  0]LogFileCache: Scanning file cache for directory 'D:/FantaSynth_V2/Project/Saved/Collections/' took 0.00s
[2021.06.28-20.27.46:006][  0]LogFileCache: Scanning file cache for directory 'D:/FantaSynth_V2/Project/Content/Developers/kzago/Collections/' took 0.00s
[2021.06.28-20.27.46:006][  0]LogFileCache: Scanning file cache for directory 'D:/FantaSynth_V2/Project/Content/Collections/' took 0.00s
[2021.06.28-20.27.46:006][  0]LogContentBrowser: Native class hierarchy populated in 0.0119 seconds. Added 3427 classes and 821 folders.
[2021.06.28-20.27.46:021][  0]LogContentBrowser: Native class hierarchy updated for 'WidgetCarousel' in 0.0003 seconds. Added 0 classes and 0 folders.
[2021.06.28-20.27.46:282][  0]LogContentBrowser: Native class hierarchy updated for 'AddContentDialog' in 0.0003 seconds. Added 0 classes and 0 folders.
[2021.06.28-20.27.46:303][  0]LogContentBrowser: Native class hierarchy updated for 'SceneOutliner' in 0.0005 seconds. Added 2 classes and 0 folders.
[2021.06.28-20.27.46:493][  0]LogSlate: Took 0.001789 seconds to synchronously load lazily loaded font '../../../Engine/Content/Slate/Fonts/Roboto-Bold.ttf' (160K)
[2021.06.28-20.27.46:497][  0]LogSlate: Took 0.001212 seconds to synchronously load lazily loaded font '../../../Engine/Content/Editor/Slate/Fonts/FontAwesome.ttf' (139K)
[2021.06.28-20.27.46:532][  0]LogRenderer: Reallocating scene render targets to support 2412x1220 Format 10 NumSamples 1 (Frame:1).
[2021.06.28-20.27.46:630][  0]LogSlate: Took 0.000994 seconds to synchronously load lazily loaded font '../../../Engine/Content/Slate/Fonts/Roboto-Light.ttf' (167K)
[2021.06.28-20.27.46:762][  0]LogContentBrowser: Native class hierarchy updated for 'HierarchicalLODOutliner' in 0.0013 seconds. Added 0 classes and 0 folders.
[2021.06.28-20.27.46:763][  0]LogLoad: (Engine Initialization) Total time: 830.85 seconds
[2021.06.28-20.27.46:763][  0]LogLoad: (Engine Initialization) Total Blueprint compile time: 0.00 seconds
[2021.06.28-20.27.46:890][  0]LogAssetRegistry: Asset discovery search completed in 818.9267 seconds
[2021.06.28-20.27.46:894][  0]LogCollectionManager: Fixed up redirectors for 0 collections in 0.000003 seconds (updated 0 objects)
[2021.06.28-20.27.46:904][  0]LogContentStreaming: Texture pool size now 1000 MB
[2021.06.28-20.27.47:028][  0]LogRenderer: Reallocating scene render targets to support 2412x1236 Format 10 NumSamples 1 (Frame:3).
[2021.06.28-20.27.57:456][853]LogTemp: Repeating last play command: Selected Viewport
[2021.06.28-20.27.57:480][853]LogPlayLevel: PlayLevel: No blueprints needed recompiling
[2021.06.28-20.27.57:488][853]PIE: New page: PIE session: TestLevel (29 cze 2021, 00:27:57)
[2021.06.28-20.27.57:494][853]LogOnline: OSS: Creating online subsystem instance for: NULL
[2021.06.28-20.27.57:497][853]LogOnline: OSS: TryLoadSubsystemAndSetDefault: Loaded subsystem for module [NULL]
[2021.06.28-20.27.57:497][853]LogPlayLevel: Creating play world package: /Game/Levels/UEDPIE_0_TestLevel
[2021.06.28-20.27.57:507][853]LogPlayLevel: PIE: StaticDuplicateObject took: (0.009388s)
[2021.06.28-20.27.57:508][853]LogAIModule: Creating AISystem for world TestLevel
[2021.06.28-20.27.57:508][853]LogAISub: UAISubsystem::UAISubsystem EnvQueryManager (0000012FEFE85800), frame # 853
[2021.06.28-20.27.57:508][853]LogAISub: UAISubsystem::UAISubsystem AIPerceptionSystem (0000012FA49F0680), frame # 853
[2021.06.28-20.27.57:508][853]LogPlayLevel: PIE: World Init took: (0.001099s)
[2021.06.28-20.27.57:508][853]LogPlayLevel: PIE: Created PIE world by copying editor world from /Game/Levels/TestLevel.TestLevel to /Game/Levels/UEDPIE_0_TestLevel.TestLevel (0.010669s)
[2021.06.28-20.27.57:517][853]LogUObjectHash: Compacting FUObjectHashTables data took   0.62ms
[2021.06.28-20.27.57:519][853]LogAudioMixer: Display: Audio Mixer Platform Settings:
[2021.06.28-20.27.57:519][853]LogAudioMixer: Display: 	Sample Rate:						  48000
[2021.06.28-20.27.57:519][853]LogAudioMixer: Display: 	Callback Buffer Frame Size Requested: 1024
[2021.06.28-20.27.57:519][853]LogAudioMixer: Display: 	Callback Buffer Frame Size To Use:	  1024
[2021.06.28-20.27.57:519][853]LogAudioMixer: Display: 	Number of buffers to queue:			  2
[2021.06.28-20.27.57:519][853]LogAudioMixer: Display: 	Max Channels (voices):				  32
[2021.06.28-20.27.57:519][853]LogAudioMixer: Display: 	Number of Async Source Workers:		  0
[2021.06.28-20.27.57:519][853]LogAudio: Display: AudioDevice MaxSources: 32
[2021.06.28-20.27.57:520][853]LogAudio: Display: Using built-in audio occlusion.
[2021.06.28-20.27.57:520][853]LogAudioMixer: Display: Initializing audio mixer.
[2021.06.28-20.27.57:528][853]LogAudioMixer: Display: 0: FrontLeft
[2021.06.28-20.27.57:528][853]LogAudioMixer: Display: 1: FrontRight
[2021.06.28-20.27.57:554][853]LogAudioMixer: Display: Using Audio Device Headset Earphone (Arctis 5 Chat)
[2021.06.28-20.27.57:555][853]LogAudioMixer: Display: Initializing Sound Submixes...
[2021.06.28-20.27.57:555][853]LogAudioMixer: Display: Creating Master Submix 'MasterSubmixDefault'
[2021.06.28-20.27.57:555][853]LogAudioMixer: Display: Creating Master Submix 'MasterReverbSubmixDefault'
[2021.06.28-20.27.57:555][853]LogAudioMixer: Display: Creating Master Submix 'MasterEQSubmixDefault'
[2021.06.28-20.27.57:568][853]LogInit: FAudioDevice initialized.
[2021.06.28-20.27.57:618][853]LogLoad: Game class is 'GameModeBase'
[2021.06.28-20.27.57:626][853]LogWorld: Bringing World /Game/Levels/UEDPIE_0_TestLevel.TestLevel up for play (max tick rate 0) at 2021.06.28-22.27.57
[2021.06.28-20.27.57:647][853]LogWorld: Bringing up level for play took: 0.023907
[2021.06.28-20.27.57:648][853]LogOnline: OSS: Creating online subsystem instance for: :Context_2
[2021.06.28-20.27.57:662][853]LogContentBrowser: Native class hierarchy updated for 'MovieSceneCapture' in 0.0004 seconds. Added 20 classes and 0 folders.
[2021.06.28-20.27.57:670][853]PIE: Server logged in
[2021.06.28-20.27.57:672][853]PIE: Play in editor total start time 0,201 seconds.
[2021.06.28-20.28.18:079][ 27]LogBlueprintUserMessages: [Arrow_Projectile_C_15] Hitted
[2021.06.28-20.28.19:033][128]LogBlueprintUserMessages: [Arrow_Projectile_C_16] Hitted
[2021.06.28-20.28.26:963][803]LogBlueprintUserMessages: [Arrow_Projectile_C_23] Hitted
[2021.06.28-20.28.28:166][927]LogSlate: Updating window title bar state: overlay mode, drag disabled, window buttons hidden, title bar hidden
[2021.06.28-20.28.28:166][927]LogWorld: BeginTearingDown for /Game/Levels/UEDPIE_0_TestLevel
[2021.06.28-20.28.28:167][927]LogWorld: UWorld::CleanupWorld for TestLevel, bSessionEnded=true, bCleanupResources=true
[2021.06.28-20.28.28:168][927]LogSlate: InvalidateAllWidgets triggered.  All widgets were invalidated
[2021.06.28-20.28.28:176][927]LogPlayLevel: Display: Shutting down PIE online subsystems
[2021.06.28-20.28.28:179][927]LogSlate: InvalidateAllWidgets triggered.  All widgets were invalidated
[2021.06.28-20.28.28:211][927]LogSlate: Updating window title bar state: overlay mode, drag disabled, window buttons hidden, title bar hidden
[2021.06.28-20.28.28:216][927]LogAISub: UAISubsystem::~UAISubsystem AIPerceptionSystem (0000012FA49F0680), frame # 3927
[2021.06.28-20.28.28:216][927]LogAISub: UAISubsystem::~UAISubsystem EnvQueryManager (0000012FEFE85800), frame # 3927
[2021.06.28-20.28.28:222][927]LogUObjectHash: Compacting FUObjectHashTables data took   0.75ms
[2021.06.28-20.28.28:249][928]LogPlayLevel: Display: Destroying online subsystem :Context_2
[2021.06.28-20.40.22:441][435]LogEditorViewport: Clicking on Actor (LMB): Range_Enemy_C (Range_Enemy)
[2021.06.28-20.40.28:199][871]LogAssetEditorSubsystem: Opening Asset editor for Blueprint /Game/Blueprints/Enemies/Head_Goblin/Fast_Enemy.Fast_Enemy
[2021.06.28-20.40.28:535][871]LogContentBrowser: Native class hierarchy updated for 'BlueprintGraph' in 0.0006 seconds. Added 125 classes and 0 folders.
[2021.06.28-20.40.29:542][871]LogSlate: Took 0.001575 seconds to synchronously load lazily loaded font '../../../Engine/Content/Slate/Fonts/Roboto-BoldCondensed.ttf' (158K)
[2021.06.28-20.40.29:650][871]LogSlate: Took 0.001068 seconds to synchronously load lazily loaded font '../../../Engine/Content/Slate/Fonts/DroidSansMono.ttf' (77K)
[2021.06.28-20.40.31:940][ 18]LogSlate: Window 'Fast_Enemy' being destroyed
[2021.06.28-20.40.33:065][ 95]LogSlate: Took 0.001077 seconds to synchronously load lazily loaded font '../../../Engine/Content/Slate/Fonts/Roboto-Italic.ttf' (157K)
[2021.06.28-20.40.33:430][130]LogSlate: Window 'Fast_Enemy' being destroyed
[2021.06.28-20.48.18:067][608]LogUObjectHash: Compacting FUObjectHashTables data took   1.94ms
[2021.06.28-20.48.18:070][608]Cmd: OBJ SAVEPACKAGE PACKAGE="/Game/Levels/TestLevel" FILE="D:/FantaSynth_V2/Project/Saved/Autosaves/Game/Levels/TestLevel_Auto1.umap" SILENT=true AUTOSAVING=true KEEPDIRTY=false
[2021.06.28-20.48.18:393][608]LogSavePackage: Moving 'D:/FantaSynth_V2/Project/Saved/TestLevel_Auto1A658A0954D37232B4D7B5EAADB9DE7CD.tmp' to 'D:/FantaSynth_V2/Project/Saved/Autosaves/Game/Levels/TestLevel_Auto1.umap'
[2021.06.28-20.48.18:399][608]LogFileHelpers: Editor autosave (incl. sublevels) for '/Game/Levels/TestLevel' took 0.356
[2021.06.28-20.48.18:399][608]LogFileHelpers: Editor autosave (incl. sublevels) for all levels took 0.356
[2021.06.28-21.27.18:940][963]LogUObjectHash: Compacting FUObjectHashTables data took   0.63ms
[2021.06.28-21.27.20:300][963]LogSlate: Window 'Save Content' being destroyed
[2021.06.28-21.27.20:462][963]Cmd: OBJ SAVEPACKAGE PACKAGE="/Game/Levels/TestLevel" FILE="D:/FantaSynth_V2/Project/Content/Levels/TestLevel.umap" SILENT=true AUTOSAVING=false KEEPDIRTY=false
[2021.06.28-21.27.20:482][963]LogUObjectHash: Compacting FUObjectHashTables data took   0.47ms
[2021.06.28-21.27.20:556][963]LogSavePackage: Moving 'D:/FantaSynth_V2/Project/Saved/TestLevel1DA835B0412EBABB59553FB46D4EAFEC.tmp' to 'D:/FantaSynth_V2/Project/Content/Levels/TestLevel.umap'
[2021.06.28-21.27.20:580][963]LogFileHelpers: Saving map 'TestLevel' took 0.119
[2021.06.28-21.27.20:639][963]LogWorld: UWorld::CleanupWorld for World_1, bSessionEnded=true, bCleanupResources=true
[2021.06.28-21.27.20:639][963]LogSlate: InvalidateAllWidgets triggered.  All widgets were invalidated
[2021.06.28-21.27.20:759][963]LogSlate: Window 'FantaSynthh - Unreal Editor' being destroyed
[2021.06.28-21.27.20:991][963]AssetCheck: New page: Asset Save: TestLevel
[2021.06.28-21.27.20:991][963]LogContentValidation: Display: Validating World /Game/Levels/TestLevel.TestLevel
[2021.06.28-21.27.20:995][964]Cmd: QUIT_EDITOR
[2021.06.28-21.27.20:996][964]LogCore: Engine exit requested (reason: UUnrealEdEngine::CloseEditor())
[2021.06.28-21.27.21:027][964]LogCore: Engine exit requested (reason: EngineExit() was called; note: exit was already requested)
[2021.06.28-21.27.21:623][964]LogWindowsTextInputMethodSystem: Display: IME system now deactivated.
[2021.06.28-21.27.21:634][964]LogExit: Preparing to exit.
[2021.06.28-21.27.22:512][964]LogActorComponent: UnregisterComponent: (None.None) Not registered. Aborting.
[2021.06.28-21.27.22:512][964]LogActorComponent: UnregisterComponent: (None.None) Not registered. Aborting.
[2021.06.28-21.27.22:512][964]LogActorComponent: UnregisterComponent: (None.None) Not registered. Aborting.
[2021.06.28-21.27.22:512][964]LogActorComponent: UnregisterComponent: (None.None) Not registered. Aborting.
[2021.06.28-21.27.22:512][964]LogActorComponent: UnregisterComponent: (None.None) Not registered. Aborting.
[2021.06.28-21.27.22:512][964]LogActorComponent: UnregisterComponent: (None.None) Not registered. Aborting.
[2021.06.28-21.27.22:512][964]LogActorComponent: UnregisterComponent: (None.None) Not registered. Aborting.
[2021.06.28-21.27.22:512][964]LogWorld: UWorld::CleanupWorld for None, bSessionEnded=true, bCleanupResources=true
[2021.06.28-21.27.22:535][964]LogExit: Transaction tracking system shut down
[2021.06.28-21.27.22:539][964]LogDemo: Cleaned up 0 splitscreen connections with owner deletion
[2021.06.28-21.27.22:561][964]LogExit: Editor shut down
[2021.06.28-21.27.22:783][964]LogAISub: UAISubsystem::~UAISubsystem EnvQueryManager (0000012FA463A600), frame # 20964
[2021.06.28-21.27.22:783][964]LogAISub: UAISubsystem::~UAISubsystem AIPerceptionSystem (0000012FA4666D40), frame # 20964
